{"C:\\Users\\mokay\\Local-Repositories\\mullegro-api\\mock-data-services\\index.js": {"path":"C:\\Users\\mokay\\Local-Repositories\\mullegro-api\\mock-data-services\\index.js","statementMap":{"0":{"start":{"line":1,"column":24},"end":{"line":1,"column":54}},"1":{"start":{"line":2,"column":24},"end":{"line":2,"column":54}},"2":{"start":{"line":4,"column":0},"end":{"line":7,"column":2}},"3":{"start":{"line":5,"column":14},"end":{"line":5,"column":55}},"4":{"start":{"line":6,"column":2},"end":{"line":6,"column":43}}},"fnMap":{"0":{"name":"(anonymous_0)","decl":{"start":{"line":4,"column":25},"end":{"line":4,"column":26}},"loc":{"start":{"line":4,"column":37},"end":{"line":7,"column":1}},"line":4}},"branchMap":{},"s":{"0":5,"1":5,"2":5,"3":0,"4":0},"f":{"0":0},"b":{},"_coverageSchema":"1a1c01bbd47fc00a2c39e90264f33305004495a9","hash":"093fbbfe632f7992e99f23b352fea2f18eb45ad7"}
,"C:\\Users\\mokay\\Local-Repositories\\mullegro-api\\mock-data-services\\mock-post.service.js": {"path":"C:\\Users\\mokay\\Local-Repositories\\mullegro-api\\mock-data-services\\mock-post.service.js","statementMap":{"0":{"start":{"line":1,"column":18},"end":{"line":1,"column":44}},"1":{"start":{"line":2,"column":25},"end":{"line":2,"column":38}},"2":{"start":{"line":3,"column":20},"end":{"line":3,"column":63}},"3":{"start":{"line":5,"column":0},"end":{"line":10,"column":2}},"4":{"start":{"line":6,"column":19},"end":{"line":6,"column":62}},"5":{"start":{"line":7,"column":19},"end":{"line":7,"column":50}},"6":{"start":{"line":8,"column":24},"end":{"line":8,"column":44}},"7":{"start":{"line":9,"column":2},"end":{"line":9,"column":25}},"8":{"start":{"line":12,"column":0},"end":{"line":15,"column":2}},"9":{"start":{"line":13,"column":12},"end":{"line":13,"column":13}},"10":{"start":{"line":14,"column":2},"end":{"line":14,"column":49}},"11":{"start":{"line":17,"column":0},"end":{"line":19,"column":2}},"12":{"start":{"line":18,"column":2},"end":{"line":18,"column":84}},"13":{"start":{"line":21,"column":0},"end":{"line":32,"column":2}},"14":{"start":{"line":22,"column":27},"end":{"line":29,"column":3}},"15":{"start":{"line":30,"column":2},"end":{"line":30,"column":58}},"16":{"start":{"line":31,"column":2},"end":{"line":31,"column":39}},"17":{"start":{"line":34,"column":0},"end":{"line":38,"column":2}},"18":{"start":{"line":35,"column":22},"end":{"line":35,"column":42}},"19":{"start":{"line":36,"column":2},"end":{"line":36,"column":53}},"20":{"start":{"line":37,"column":2},"end":{"line":37,"column":34}},"21":{"start":{"line":40,"column":0},"end":{"line":60,"column":2}},"22":{"start":{"line":41,"column":17},"end":{"line":41,"column":19}},"23":{"start":{"line":42,"column":17},"end":{"line":42,"column":21}},"24":{"start":{"line":44,"column":2},"end":{"line":59,"column":5}},"25":{"start":{"line":45,"column":33},"end":{"line":45,"column":49}},"26":{"start":{"line":47,"column":4},"end":{"line":58,"column":5}},"27":{"start":{"line":47,"column":17},"end":{"line":47,"column":18}},"28":{"start":{"line":48,"column":27},"end":{"line":48,"column":43}},"29":{"start":{"line":49,"column":6},"end":{"line":57,"column":9}}},"fnMap":{"0":{"name":"(anonymous_0)","decl":{"start":{"line":5,"column":21},"end":{"line":5,"column":22}},"loc":{"start":{"line":5,"column":27},"end":{"line":10,"column":1}},"line":5},"1":{"name":"(anonymous_1)","decl":{"start":{"line":12,"column":15},"end":{"line":12,"column":16}},"loc":{"start":{"line":12,"column":22},"end":{"line":15,"column":1}},"line":12},"2":{"name":"(anonymous_2)","decl":{"start":{"line":17,"column":20},"end":{"line":17,"column":21}},"loc":{"start":{"line":17,"column":26},"end":{"line":19,"column":1}},"line":17},"3":{"name":"(anonymous_3)","decl":{"start":{"line":21,"column":18},"end":{"line":21,"column":19}},"loc":{"start":{"line":21,"column":24},"end":{"line":32,"column":1}},"line":21},"4":{"name":"(anonymous_4)","decl":{"start":{"line":34,"column":17},"end":{"line":34,"column":18}},"loc":{"start":{"line":34,"column":23},"end":{"line":38,"column":1}},"line":34},"5":{"name":"(anonymous_5)","decl":{"start":{"line":40,"column":22},"end":{"line":40,"column":23}},"loc":{"start":{"line":40,"column":37},"end":{"line":60,"column":1}},"line":40},"6":{"name":"(anonymous_6)","decl":{"start":{"line":44,"column":16},"end":{"line":44,"column":17}},"loc":{"start":{"line":44,"column":30},"end":{"line":59,"column":3}},"line":44}},"branchMap":{},"s":{"0":5,"1":5,"2":5,"3":5,"4":0,"5":0,"6":0,"7":0,"8":5,"9":0,"10":0,"11":5,"12":0,"13":5,"14":0,"15":0,"16":0,"17":5,"18":0,"19":0,"20":0,"21":5,"22":0,"23":0,"24":0,"25":0,"26":0,"27":0,"28":0,"29":0},"f":{"0":0,"1":0,"2":0,"3":0,"4":0,"5":0,"6":0},"b":{},"_coverageSchema":"1a1c01bbd47fc00a2c39e90264f33305004495a9","hash":"0adfd2733b6d0a07a8e569cb7cc89ff4c022f040"}
,"C:\\Users\\mokay\\Local-Repositories\\mullegro-api\\mock-data-services\\mock-user.service.js": {"path":"C:\\Users\\mokay\\Local-Repositories\\mullegro-api\\mock-data-services\\mock-user.service.js","statementMap":{"0":{"start":{"line":1,"column":18},"end":{"line":1,"column":44}},"1":{"start":{"line":2,"column":20},"end":{"line":2,"column":63}},"2":{"start":{"line":4,"column":0},"end":{"line":23,"column":2}},"3":{"start":{"line":5,"column":14},"end":{"line":5,"column":16}},"4":{"start":{"line":6,"column":2},"end":{"line":21,"column":3}},"5":{"start":{"line":6,"column":15},"end":{"line":6,"column":16}},"6":{"start":{"line":7,"column":20},"end":{"line":7,"column":42}},"7":{"start":{"line":8,"column":19},"end":{"line":8,"column":40}},"8":{"start":{"line":10,"column":15},"end":{"line":18,"column":6}},"9":{"start":{"line":20,"column":4},"end":{"line":20,"column":21}},"10":{"start":{"line":22,"column":2},"end":{"line":22,"column":15}}},"fnMap":{"0":{"name":"(anonymous_0)","decl":{"start":{"line":4,"column":26},"end":{"line":4,"column":27}},"loc":{"start":{"line":4,"column":42},"end":{"line":23,"column":1}},"line":4}},"branchMap":{},"s":{"0":5,"1":5,"2":5,"3":0,"4":0,"5":0,"6":0,"7":0,"8":0,"9":0,"10":0},"f":{"0":0},"b":{},"_coverageSchema":"1a1c01bbd47fc00a2c39e90264f33305004495a9","hash":"b614b9e01afed75f38d3a6e97a86324e420ff6f6"}
,"C:\\Users\\mokay\\Local-Repositories\\mullegro-api\\src\\server.js": {"path":"C:\\Users\\mokay\\Local-Repositories\\mullegro-api\\src\\server.js","statementMap":{"0":{"start":{"line":1,"column":16},"end":{"line":1,"column":34}},"1":{"start":{"line":2,"column":13},"end":{"line":2,"column":28}},"2":{"start":{"line":3,"column":18},"end":{"line":3,"column":47}},"3":{"start":{"line":4,"column":20},"end":{"line":4,"column":61}},"4":{"start":{"line":5,"column":11},"end":{"line":5,"column":40}},"5":{"start":{"line":7,"column":12},"end":{"line":7,"column":21}},"6":{"start":{"line":8,"column":24},"end":{"line":8,"column":62}},"7":{"start":{"line":11,"column":0},"end":{"line":11,"column":24}},"8":{"start":{"line":12,"column":0},"end":{"line":12,"column":16}},"9":{"start":{"line":15,"column":0},"end":{"line":28,"column":5}},"10":{"start":{"line":18,"column":4},"end":{"line":18,"column":44}},"11":{"start":{"line":19,"column":4},"end":{"line":24,"column":7}},"12":{"start":{"line":20,"column":6},"end":{"line":23,"column":40}},"13":{"start":{"line":22,"column":18},"end":{"line":22,"column":53}},"14":{"start":{"line":23,"column":20},"end":{"line":23,"column":38}},"15":{"start":{"line":27,"column":4},"end":{"line":27,"column":23}},"16":{"start":{"line":31,"column":18},"end":{"line":31,"column":52}},"17":{"start":{"line":32,"column":0},"end":{"line":32,"column":27}},"18":{"start":{"line":33,"column":0},"end":{"line":33,"column":68}},"19":{"start":{"line":34,"column":0},"end":{"line":36,"column":3}},"20":{"start":{"line":35,"column":2},"end":{"line":35,"column":24}},"21":{"start":{"line":39,"column":0},"end":{"line":45,"column":1}},"22":{"start":{"line":40,"column":15},"end":{"line":40,"column":19}},"23":{"start":{"line":42,"column":2},"end":{"line":44,"column":4}},"24":{"start":{"line":43,"column":4},"end":{"line":43,"column":64}},"25":{"start":{"line":47,"column":0},"end":{"line":47,"column":21}}},"fnMap":{"0":{"name":"(anonymous_0)","decl":{"start":{"line":17,"column":8},"end":{"line":17,"column":9}},"loc":{"start":{"line":17,"column":14},"end":{"line":25,"column":3}},"line":17},"1":{"name":"(anonymous_1)","decl":{"start":{"line":22,"column":12},"end":{"line":22,"column":13}},"loc":{"start":{"line":22,"column":18},"end":{"line":22,"column":53}},"line":22},"2":{"name":"(anonymous_2)","decl":{"start":{"line":23,"column":13},"end":{"line":23,"column":14}},"loc":{"start":{"line":23,"column":20},"end":{"line":23,"column":38}},"line":23},"3":{"name":"(anonymous_3)","decl":{"start":{"line":26,"column":9},"end":{"line":26,"column":10}},"loc":{"start":{"line":26,"column":16},"end":{"line":28,"column":3}},"line":26},"4":{"name":"(anonymous_4)","decl":{"start":{"line":34,"column":25},"end":{"line":34,"column":26}},"loc":{"start":{"line":34,"column":39},"end":{"line":36,"column":1}},"line":34},"5":{"name":"(anonymous_5)","decl":{"start":{"line":42,"column":19},"end":{"line":42,"column":20}},"loc":{"start":{"line":43,"column":4},"end":{"line":43,"column":64}},"line":43}},"branchMap":{"0":{"loc":{"start":{"line":19,"column":4},"end":{"line":24,"column":7}},"type":"if","locations":[{"start":{"line":19,"column":4},"end":{"line":24,"column":7}},{"start":{},"end":{}}],"line":19},"1":{"loc":{"start":{"line":39,"column":0},"end":{"line":45,"column":1}},"type":"if","locations":[{"start":{"line":39,"column":0},"end":{"line":45,"column":1}},{"start":{},"end":{}}],"line":39}},"s":{"0":5,"1":5,"2":5,"3":5,"4":5,"5":5,"6":5,"7":5,"8":5,"9":5,"10":5,"11":5,"12":0,"13":0,"14":0,"15":0,"16":5,"17":5,"18":5,"19":5,"20":0,"21":5,"22":0,"23":0,"24":0,"25":5},"f":{"0":5,"1":0,"2":0,"3":0,"4":0,"5":0},"b":{"0":[0,5],"1":[0,5]},"_coverageSchema":"1a1c01bbd47fc00a2c39e90264f33305004495a9","hash":"c9e3031eee830feea8e755c3be0c0cd3379bebbf"}
,"C:\\Users\\mokay\\Local-Repositories\\mullegro-api\\src\\api\\controllers\\cart.controller.js": {"path":"C:\\Users\\mokay\\Local-Repositories\\mullegro-api\\src\\api\\controllers\\cart.controller.js","statementMap":{"0":{"start":{"line":1,"column":16},"end":{"line":1,"column":34}},"1":{"start":{"line":2,"column":15},"end":{"line":2,"column":32}},"2":{"start":{"line":3,"column":13},"end":{"line":3,"column":43}},"3":{"start":{"line":4,"column":20},"end":{"line":4,"column":55}},"4":{"start":{"line":5,"column":20},"end":{"line":5,"column":55}},"5":{"start":{"line":23,"column":0},"end":{"line":32,"column":3}},"6":{"start":{"line":24,"column":2},"end":{"line":31,"column":3}},"7":{"start":{"line":25,"column":20},"end":{"line":27,"column":5}},"8":{"start":{"line":28,"column":4},"end":{"line":28,"column":43}},"9":{"start":{"line":30,"column":4},"end":{"line":30,"column":39}},"10":{"start":{"line":53,"column":0},"end":{"line":64,"column":3}},"11":{"start":{"line":54,"column":2},"end":{"line":63,"column":3}},"12":{"start":{"line":55,"column":17},"end":{"line":55,"column":28}},"13":{"start":{"line":56,"column":19},"end":{"line":59,"column":5}},"14":{"start":{"line":60,"column":4},"end":{"line":60,"column":42}},"15":{"start":{"line":62,"column":4},"end":{"line":62,"column":39}},"16":{"start":{"line":78,"column":0},"end":{"line":87,"column":3}},"17":{"start":{"line":79,"column":2},"end":{"line":86,"column":3}},"18":{"start":{"line":80,"column":19},"end":{"line":82,"column":5}},"19":{"start":{"line":83,"column":4},"end":{"line":83,"column":42}},"20":{"start":{"line":85,"column":4},"end":{"line":85,"column":39}},"21":{"start":{"line":103,"column":0},"end":{"line":115,"column":3}},"22":{"start":{"line":104,"column":2},"end":{"line":114,"column":3}},"23":{"start":{"line":105,"column":17},"end":{"line":105,"column":30}},"24":{"start":{"line":107,"column":19},"end":{"line":110,"column":5}},"25":{"start":{"line":111,"column":4},"end":{"line":111,"column":42}},"26":{"start":{"line":113,"column":4},"end":{"line":113,"column":39}},"27":{"start":{"line":117,"column":0},"end":{"line":117,"column":24}}},"fnMap":{"0":{"name":"(anonymous_0)","decl":{"start":{"line":23,"column":33},"end":{"line":23,"column":34}},"loc":{"start":{"line":23,"column":53},"end":{"line":32,"column":1}},"line":23},"1":{"name":"(anonymous_1)","decl":{"start":{"line":53,"column":34},"end":{"line":53,"column":35}},"loc":{"start":{"line":53,"column":54},"end":{"line":64,"column":1}},"line":53},"2":{"name":"(anonymous_2)","decl":{"start":{"line":78,"column":36},"end":{"line":78,"column":37}},"loc":{"start":{"line":78,"column":56},"end":{"line":87,"column":1}},"line":78},"3":{"name":"(anonymous_3)","decl":{"start":{"line":103,"column":45},"end":{"line":103,"column":46}},"loc":{"start":{"line":103,"column":65},"end":{"line":115,"column":1}},"line":103}},"branchMap":{},"s":{"0":5,"1":5,"2":5,"3":5,"4":5,"5":5,"6":1,"7":1,"8":1,"9":0,"10":5,"11":2,"12":2,"13":2,"14":1,"15":1,"16":5,"17":1,"18":1,"19":1,"20":0,"21":5,"22":2,"23":2,"24":2,"25":1,"26":1,"27":5},"f":{"0":1,"1":2,"2":1,"3":2},"b":{},"_coverageSchema":"1a1c01bbd47fc00a2c39e90264f33305004495a9","hash":"2e181923b7a429893bb94972cac10e71b6ec4dae"}
,"C:\\Users\\mokay\\Local-Repositories\\mullegro-api\\src\\api\\controllers\\index.js": {"path":"C:\\Users\\mokay\\Local-Repositories\\mullegro-api\\src\\api\\controllers\\index.js","statementMap":{"0":{"start":{"line":1,"column":16},"end":{"line":1,"column":34}},"1":{"start":{"line":2,"column":15},"end":{"line":2,"column":32}},"2":{"start":{"line":5,"column":15},"end":{"line":5,"column":47}},"3":{"start":{"line":6,"column":0},"end":{"line":6,"column":26}},"4":{"start":{"line":9,"column":0},"end":{"line":9,"column":51}},"5":{"start":{"line":10,"column":0},"end":{"line":10,"column":51}},"6":{"start":{"line":11,"column":0},"end":{"line":11,"column":50}},"7":{"start":{"line":12,"column":0},"end":{"line":12,"column":65}},"8":{"start":{"line":13,"column":0},"end":{"line":13,"column":55}},"9":{"start":{"line":15,"column":0},"end":{"line":15,"column":24}}},"fnMap":{},"branchMap":{},"s":{"0":5,"1":5,"2":5,"3":5,"4":5,"5":5,"6":5,"7":5,"8":5,"9":5},"f":{},"b":{},"_coverageSchema":"1a1c01bbd47fc00a2c39e90264f33305004495a9","hash":"bcde8111d090baeb6a294609c900e80c3ae18a67"}
,"C:\\Users\\mokay\\Local-Repositories\\mullegro-api\\src\\api\\controllers\\post.controller.js": {"path":"C:\\Users\\mokay\\Local-Repositories\\mullegro-api\\src\\api\\controllers\\post.controller.js","statementMap":{"0":{"start":{"line":1,"column":16},"end":{"line":1,"column":34}},"1":{"start":{"line":2,"column":15},"end":{"line":2,"column":32}},"2":{"start":{"line":3,"column":13},"end":{"line":3,"column":43}},"3":{"start":{"line":4,"column":20},"end":{"line":4,"column":55}},"4":{"start":{"line":5,"column":20},"end":{"line":5,"column":55}},"5":{"start":{"line":23,"column":0},"end":{"line":34,"column":3}},"6":{"start":{"line":24,"column":2},"end":{"line":33,"column":3}},"7":{"start":{"line":25,"column":24},"end":{"line":25,"column":28}},"8":{"start":{"line":26,"column":21},"end":{"line":29,"column":5}},"9":{"start":{"line":30,"column":4},"end":{"line":30,"column":44}},"10":{"start":{"line":32,"column":4},"end":{"line":32,"column":37}},"11":{"start":{"line":59,"column":0},"end":{"line":69,"column":3}},"12":{"start":{"line":60,"column":2},"end":{"line":68,"column":3}},"13":{"start":{"line":61,"column":20},"end":{"line":64,"column":5}},"14":{"start":{"line":65,"column":4},"end":{"line":65,"column":43}},"15":{"start":{"line":67,"column":4},"end":{"line":67,"column":37}},"16":{"start":{"line":85,"column":0},"end":{"line":99,"column":2}},"17":{"start":{"line":89,"column":4},"end":{"line":97,"column":5}},"18":{"start":{"line":90,"column":6},"end":{"line":93,"column":8}},"19":{"start":{"line":94,"column":6},"end":{"line":94,"column":63}},"20":{"start":{"line":96,"column":6},"end":{"line":96,"column":39}},"21":{"start":{"line":117,"column":0},"end":{"line":124,"column":3}},"22":{"start":{"line":118,"column":2},"end":{"line":123,"column":3}},"23":{"start":{"line":119,"column":19},"end":{"line":119,"column":46}},"24":{"start":{"line":120,"column":4},"end":{"line":120,"column":42}},"25":{"start":{"line":122,"column":4},"end":{"line":122,"column":37}},"26":{"start":{"line":145,"column":0},"end":{"line":155,"column":3}},"27":{"start":{"line":146,"column":2},"end":{"line":154,"column":3}},"28":{"start":{"line":147,"column":24},"end":{"line":147,"column":50}},"29":{"start":{"line":148,"column":25},"end":{"line":148,"column":52}},"30":{"start":{"line":150,"column":19},"end":{"line":150,"column":79}},"31":{"start":{"line":151,"column":4},"end":{"line":151,"column":42}},"32":{"start":{"line":153,"column":4},"end":{"line":153,"column":37}},"33":{"start":{"line":173,"column":0},"end":{"line":180,"column":3}},"34":{"start":{"line":174,"column":2},"end":{"line":179,"column":3}},"35":{"start":{"line":175,"column":24},"end":{"line":175,"column":57}},"36":{"start":{"line":176,"column":4},"end":{"line":176,"column":47}},"37":{"start":{"line":178,"column":4},"end":{"line":178,"column":37}},"38":{"start":{"line":198,"column":0},"end":{"line":205,"column":3}},"39":{"start":{"line":199,"column":2},"end":{"line":204,"column":3}},"40":{"start":{"line":200,"column":25},"end":{"line":200,"column":59}},"41":{"start":{"line":201,"column":4},"end":{"line":201,"column":48}},"42":{"start":{"line":203,"column":4},"end":{"line":203,"column":37}},"43":{"start":{"line":225,"column":0},"end":{"line":233,"column":3}},"44":{"start":{"line":226,"column":2},"end":{"line":232,"column":3}},"45":{"start":{"line":227,"column":22},"end":{"line":227,"column":37}},"46":{"start":{"line":228,"column":16},"end":{"line":228,"column":54}},"47":{"start":{"line":229,"column":4},"end":{"line":229,"column":39}},"48":{"start":{"line":231,"column":4},"end":{"line":231,"column":66}},"49":{"start":{"line":253,"column":0},"end":{"line":262,"column":3}},"50":{"start":{"line":254,"column":2},"end":{"line":261,"column":3}},"51":{"start":{"line":255,"column":15},"end":{"line":255,"column":71}},"52":{"start":{"line":256,"column":24},"end":{"line":256,"column":29}},"53":{"start":{"line":257,"column":21},"end":{"line":257,"column":79}},"54":{"start":{"line":258,"column":4},"end":{"line":258,"column":44}},"55":{"start":{"line":260,"column":4},"end":{"line":260,"column":37}},"56":{"start":{"line":282,"column":0},"end":{"line":289,"column":3}},"57":{"start":{"line":283,"column":2},"end":{"line":288,"column":3}},"58":{"start":{"line":284,"column":15},"end":{"line":284,"column":59}},"59":{"start":{"line":285,"column":4},"end":{"line":285,"column":38}},"60":{"start":{"line":287,"column":4},"end":{"line":287,"column":37}},"61":{"start":{"line":309,"column":0},"end":{"line":316,"column":3}},"62":{"start":{"line":310,"column":2},"end":{"line":315,"column":3}},"63":{"start":{"line":311,"column":4},"end":{"line":311,"column":68}},"64":{"start":{"line":312,"column":4},"end":{"line":312,"column":61}},"65":{"start":{"line":314,"column":4},"end":{"line":314,"column":37}},"66":{"start":{"line":318,"column":0},"end":{"line":318,"column":24}}},"fnMap":{"0":{"name":"(anonymous_0)","decl":{"start":{"line":23,"column":44},"end":{"line":23,"column":45}},"loc":{"start":{"line":23,"column":64},"end":{"line":34,"column":1}},"line":23},"1":{"name":"(anonymous_1)","decl":{"start":{"line":59,"column":45},"end":{"line":59,"column":46}},"loc":{"start":{"line":59,"column":65},"end":{"line":69,"column":1}},"line":59},"2":{"name":"(anonymous_2)","decl":{"start":{"line":88,"column":2},"end":{"line":88,"column":3}},"loc":{"start":{"line":88,"column":22},"end":{"line":98,"column":3}},"line":88},"3":{"name":"(anonymous_3)","decl":{"start":{"line":117,"column":15},"end":{"line":117,"column":16}},"loc":{"start":{"line":117,"column":35},"end":{"line":124,"column":1}},"line":117},"4":{"name":"(anonymous_4)","decl":{"start":{"line":145,"column":22},"end":{"line":145,"column":23}},"loc":{"start":{"line":145,"column":42},"end":{"line":155,"column":1}},"line":145},"5":{"name":"(anonymous_5)","decl":{"start":{"line":173,"column":37},"end":{"line":173,"column":38}},"loc":{"start":{"line":173,"column":57},"end":{"line":180,"column":1}},"line":173},"6":{"name":"(anonymous_6)","decl":{"start":{"line":198,"column":38},"end":{"line":198,"column":39}},"loc":{"start":{"line":198,"column":58},"end":{"line":205,"column":1}},"line":198},"7":{"name":"(anonymous_7)","decl":{"start":{"line":225,"column":22},"end":{"line":225,"column":23}},"loc":{"start":{"line":225,"column":42},"end":{"line":233,"column":1}},"line":225},"8":{"name":"(anonymous_8)","decl":{"start":{"line":253,"column":42},"end":{"line":253,"column":43}},"loc":{"start":{"line":253,"column":62},"end":{"line":262,"column":1}},"line":253},"9":{"name":"(anonymous_9)","decl":{"start":{"line":282,"column":28},"end":{"line":282,"column":29}},"loc":{"start":{"line":282,"column":48},"end":{"line":289,"column":1}},"line":282},"10":{"name":"(anonymous_10)","decl":{"start":{"line":309,"column":28},"end":{"line":309,"column":29}},"loc":{"start":{"line":309,"column":48},"end":{"line":316,"column":1}},"line":309}},"branchMap":{"0":{"loc":{"start":{"line":147,"column":24},"end":{"line":147,"column":50}},"type":"binary-expr","locations":[{"start":{"line":147,"column":24},"end":{"line":147,"column":42}},{"start":{"line":147,"column":46},"end":{"line":147,"column":50}}],"line":147},"1":{"loc":{"start":{"line":148,"column":25},"end":{"line":148,"column":52}},"type":"binary-expr","locations":[{"start":{"line":148,"column":25},"end":{"line":148,"column":44}},{"start":{"line":148,"column":48},"end":{"line":148,"column":52}}],"line":148}},"s":{"0":5,"1":5,"2":5,"3":5,"4":5,"5":5,"6":1,"7":1,"8":1,"9":1,"10":0,"11":5,"12":2,"13":2,"14":1,"15":1,"16":5,"17":2,"18":2,"19":1,"20":1,"21":5,"22":1,"23":1,"24":1,"25":0,"26":5,"27":2,"28":2,"29":2,"30":2,"31":2,"32":0,"33":5,"34":1,"35":1,"36":1,"37":0,"38":5,"39":1,"40":1,"41":1,"42":0,"43":5,"44":1,"45":1,"46":1,"47":1,"48":0,"49":5,"50":2,"51":2,"52":1,"53":1,"54":1,"55":1,"56":5,"57":2,"58":2,"59":1,"60":1,"61":5,"62":2,"63":2,"64":1,"65":1,"66":5},"f":{"0":1,"1":2,"2":2,"3":1,"4":2,"5":1,"6":1,"7":1,"8":2,"9":2,"10":2},"b":{"0":[2,1],"1":[2,1]},"_coverageSchema":"1a1c01bbd47fc00a2c39e90264f33305004495a9","hash":"e461a61d9e90e774361ddbd26ef7554c90d3afd4"}
,"C:\\Users\\mokay\\Local-Repositories\\mullegro-api\\src\\api\\controllers\\review.controller.js": {"path":"C:\\Users\\mokay\\Local-Repositories\\mullegro-api\\src\\api\\controllers\\review.controller.js","statementMap":{"0":{"start":{"line":1,"column":16},"end":{"line":1,"column":34}},"1":{"start":{"line":2,"column":15},"end":{"line":2,"column":32}},"2":{"start":{"line":3,"column":20},"end":{"line":3,"column":55}},"3":{"start":{"line":4,"column":22},"end":{"line":4,"column":59}},"4":{"start":{"line":5,"column":13},"end":{"line":5,"column":43}},"5":{"start":{"line":30,"column":0},"end":{"line":39,"column":3}},"6":{"start":{"line":31,"column":2},"end":{"line":38,"column":3}},"7":{"start":{"line":32,"column":22},"end":{"line":32,"column":59}},"8":{"start":{"line":33,"column":17},"end":{"line":33,"column":25}},"9":{"start":{"line":34,"column":24},"end":{"line":34,"column":77}},"10":{"start":{"line":35,"column":4},"end":{"line":35,"column":40}},"11":{"start":{"line":37,"column":4},"end":{"line":37,"column":32}},"12":{"start":{"line":59,"column":0},"end":{"line":67,"column":3}},"13":{"start":{"line":60,"column":2},"end":{"line":66,"column":3}},"14":{"start":{"line":61,"column":19},"end":{"line":61,"column":38}},"15":{"start":{"line":62,"column":24},"end":{"line":62,"column":63}},"16":{"start":{"line":63,"column":4},"end":{"line":63,"column":40}},"17":{"start":{"line":65,"column":4},"end":{"line":65,"column":32}},"18":{"start":{"line":87,"column":1},"end":{"line":95,"column":3}},"19":{"start":{"line":88,"column":2},"end":{"line":94,"column":3}},"20":{"start":{"line":89,"column":17},"end":{"line":89,"column":34}},"21":{"start":{"line":90,"column":24},"end":{"line":90,"column":73}},"22":{"start":{"line":91,"column":4},"end":{"line":91,"column":40}},"23":{"start":{"line":93,"column":4},"end":{"line":93,"column":32}},"24":{"start":{"line":115,"column":0},"end":{"line":129,"column":3}},"25":{"start":{"line":116,"column":2},"end":{"line":128,"column":3}},"26":{"start":{"line":117,"column":22},"end":{"line":117,"column":59}},"27":{"start":{"line":118,"column":19},"end":{"line":118,"column":38}},"28":{"start":{"line":119,"column":31},"end":{"line":119,"column":39}},"29":{"start":{"line":120,"column":23},"end":{"line":124,"column":5}},"30":{"start":{"line":125,"column":4},"end":{"line":125,"column":39}},"31":{"start":{"line":127,"column":4},"end":{"line":127,"column":32}},"32":{"start":{"line":149,"column":0},"end":{"line":159,"column":3}},"33":{"start":{"line":150,"column":2},"end":{"line":158,"column":3}},"34":{"start":{"line":151,"column":19},"end":{"line":151,"column":38}},"35":{"start":{"line":152,"column":18},"end":{"line":154,"column":5}},"36":{"start":{"line":155,"column":4},"end":{"line":155,"column":34}},"37":{"start":{"line":157,"column":4},"end":{"line":157,"column":32}},"38":{"start":{"line":179,"column":0},"end":{"line":187,"column":3}},"39":{"start":{"line":180,"column":2},"end":{"line":186,"column":3}},"40":{"start":{"line":181,"column":19},"end":{"line":181,"column":38}},"41":{"start":{"line":182,"column":18},"end":{"line":182,"column":71}},"42":{"start":{"line":183,"column":4},"end":{"line":183,"column":34}},"43":{"start":{"line":185,"column":4},"end":{"line":185,"column":32}},"44":{"start":{"line":207,"column":0},"end":{"line":215,"column":3}},"45":{"start":{"line":208,"column":2},"end":{"line":214,"column":3}},"46":{"start":{"line":209,"column":19},"end":{"line":209,"column":38}},"47":{"start":{"line":210,"column":16},"end":{"line":210,"column":66}},"48":{"start":{"line":211,"column":4},"end":{"line":211,"column":32}},"49":{"start":{"line":213,"column":4},"end":{"line":213,"column":32}},"50":{"start":{"line":217,"column":0},"end":{"line":217,"column":24}}},"fnMap":{"0":{"name":"(anonymous_0)","decl":{"start":{"line":30,"column":47},"end":{"line":30,"column":48}},"loc":{"start":{"line":30,"column":67},"end":{"line":39,"column":1}},"line":30},"1":{"name":"(anonymous_1)","decl":{"start":{"line":59,"column":32},"end":{"line":59,"column":33}},"loc":{"start":{"line":59,"column":52},"end":{"line":67,"column":1}},"line":59},"2":{"name":"(anonymous_2)","decl":{"start":{"line":87,"column":36},"end":{"line":87,"column":37}},"loc":{"start":{"line":87,"column":56},"end":{"line":95,"column":1}},"line":87},"3":{"name":"(anonymous_3)","decl":{"start":{"line":115,"column":50},"end":{"line":115,"column":51}},"loc":{"start":{"line":115,"column":70},"end":{"line":129,"column":1}},"line":115},"4":{"name":"(anonymous_4)","decl":{"start":{"line":149,"column":44},"end":{"line":149,"column":45}},"loc":{"start":{"line":149,"column":64},"end":{"line":159,"column":1}},"line":149},"5":{"name":"(anonymous_5)","decl":{"start":{"line":179,"column":38},"end":{"line":179,"column":39}},"loc":{"start":{"line":179,"column":58},"end":{"line":187,"column":1}},"line":179},"6":{"name":"(anonymous_6)","decl":{"start":{"line":207,"column":36},"end":{"line":207,"column":37}},"loc":{"start":{"line":207,"column":56},"end":{"line":215,"column":1}},"line":207}},"branchMap":{},"s":{"0":5,"1":5,"2":5,"3":5,"4":5,"5":5,"6":2,"7":2,"8":2,"9":2,"10":1,"11":1,"12":5,"13":2,"14":2,"15":2,"16":1,"17":1,"18":5,"19":2,"20":2,"21":2,"22":1,"23":1,"24":5,"25":2,"26":2,"27":2,"28":2,"29":2,"30":1,"31":1,"32":5,"33":2,"34":2,"35":2,"36":1,"37":1,"38":5,"39":2,"40":2,"41":2,"42":1,"43":1,"44":5,"45":2,"46":2,"47":2,"48":1,"49":1,"50":5},"f":{"0":2,"1":2,"2":2,"3":2,"4":2,"5":2,"6":2},"b":{},"_coverageSchema":"1a1c01bbd47fc00a2c39e90264f33305004495a9","hash":"16b3fb6dc295c7d5af7a818a297024fa253b3062"}
,"C:\\Users\\mokay\\Local-Repositories\\mullegro-api\\src\\api\\controllers\\transaction.controller.js": {"path":"C:\\Users\\mokay\\Local-Repositories\\mullegro-api\\src\\api\\controllers\\transaction.controller.js","statementMap":{"0":{"start":{"line":1,"column":16},"end":{"line":1,"column":34}},"1":{"start":{"line":2,"column":15},"end":{"line":2,"column":32}},"2":{"start":{"line":3,"column":13},"end":{"line":3,"column":43}},"3":{"start":{"line":4,"column":27},"end":{"line":4,"column":69}},"4":{"start":{"line":5,"column":20},"end":{"line":5,"column":55}},"5":{"start":{"line":23,"column":0},"end":{"line":32,"column":3}},"6":{"start":{"line":24,"column":2},"end":{"line":31,"column":3}},"7":{"start":{"line":25,"column":22},"end":{"line":27,"column":5}},"8":{"start":{"line":28,"column":4},"end":{"line":28,"column":45}},"9":{"start":{"line":30,"column":4},"end":{"line":30,"column":39}},"10":{"start":{"line":50,"column":0},"end":{"line":59,"column":3}},"11":{"start":{"line":51,"column":2},"end":{"line":58,"column":3}},"12":{"start":{"line":52,"column":22},"end":{"line":54,"column":5}},"13":{"start":{"line":55,"column":4},"end":{"line":55,"column":45}},"14":{"start":{"line":57,"column":4},"end":{"line":57,"column":39}},"15":{"start":{"line":79,"column":0},"end":{"line":91,"column":2}},"16":{"start":{"line":83,"column":4},"end":{"line":89,"column":5}},"17":{"start":{"line":84,"column":26},"end":{"line":84,"column":50}},"18":{"start":{"line":85,"column":24},"end":{"line":85,"column":78}},"19":{"start":{"line":86,"column":6},"end":{"line":86,"column":47}},"20":{"start":{"line":88,"column":6},"end":{"line":88,"column":41}},"21":{"start":{"line":93,"column":0},"end":{"line":93,"column":24}}},"fnMap":{"0":{"name":"(anonymous_0)","decl":{"start":{"line":23,"column":34},"end":{"line":23,"column":35}},"loc":{"start":{"line":23,"column":54},"end":{"line":32,"column":1}},"line":23},"1":{"name":"(anonymous_1)","decl":{"start":{"line":50,"column":33},"end":{"line":50,"column":34}},"loc":{"start":{"line":50,"column":53},"end":{"line":59,"column":1}},"line":50},"2":{"name":"(anonymous_2)","decl":{"start":{"line":82,"column":2},"end":{"line":82,"column":3}},"loc":{"start":{"line":82,"column":22},"end":{"line":90,"column":3}},"line":82}},"branchMap":{},"s":{"0":5,"1":5,"2":5,"3":5,"4":5,"5":5,"6":2,"7":2,"8":1,"9":1,"10":5,"11":1,"12":1,"13":1,"14":0,"15":5,"16":1,"17":1,"18":1,"19":1,"20":0,"21":5},"f":{"0":2,"1":1,"2":1},"b":{},"_coverageSchema":"1a1c01bbd47fc00a2c39e90264f33305004495a9","hash":"f10363097fcdad073642a871a804dd1d6b89e80f"}
,"C:\\Users\\mokay\\Local-Repositories\\mullegro-api\\src\\api\\controllers\\user.controller.js": {"path":"C:\\Users\\mokay\\Local-Repositories\\mullegro-api\\src\\api\\controllers\\user.controller.js","statementMap":{"0":{"start":{"line":1,"column":16},"end":{"line":1,"column":34}},"1":{"start":{"line":2,"column":15},"end":{"line":2,"column":32}},"2":{"start":{"line":3,"column":20},"end":{"line":3,"column":55}},"3":{"start":{"line":4,"column":12},"end":{"line":4,"column":35}},"4":{"start":{"line":5,"column":13},"end":{"line":5,"column":43}},"5":{"start":{"line":26,"column":0},"end":{"line":37,"column":3}},"6":{"start":{"line":27,"column":2},"end":{"line":36,"column":3}},"7":{"start":{"line":28,"column":22},"end":{"line":28,"column":60}},"8":{"start":{"line":29,"column":16},"end":{"line":29,"column":57}},"9":{"start":{"line":30,"column":4},"end":{"line":33,"column":7}},"10":{"start":{"line":35,"column":4},"end":{"line":35,"column":63}},"11":{"start":{"line":58,"column":0},"end":{"line":69,"column":3}},"12":{"start":{"line":59,"column":2},"end":{"line":68,"column":3}},"13":{"start":{"line":60,"column":15},"end":{"line":60,"column":60}},"14":{"start":{"line":61,"column":16},"end":{"line":61,"column":50}},"15":{"start":{"line":62,"column":4},"end":{"line":65,"column":7}},"16":{"start":{"line":67,"column":4},"end":{"line":67,"column":59}},"17":{"start":{"line":89,"column":0},"end":{"line":96,"column":3}},"18":{"start":{"line":90,"column":2},"end":{"line":95,"column":3}},"19":{"start":{"line":91,"column":22},"end":{"line":91,"column":59}},"20":{"start":{"line":92,"column":4},"end":{"line":92,"column":45}},"21":{"start":{"line":94,"column":4},"end":{"line":94,"column":39}},"22":{"start":{"line":123,"column":0},"end":{"line":136,"column":3}},"23":{"start":{"line":124,"column":2},"end":{"line":135,"column":3}},"24":{"start":{"line":125,"column":22},"end":{"line":125,"column":59}},"25":{"start":{"line":126,"column":26},"end":{"line":126,"column":34}},"26":{"start":{"line":127,"column":22},"end":{"line":130,"column":5}},"27":{"start":{"line":132,"column":4},"end":{"line":132,"column":45}},"28":{"start":{"line":134,"column":4},"end":{"line":134,"column":32}},"29":{"start":{"line":154,"column":0},"end":{"line":161,"column":3}},"30":{"start":{"line":155,"column":2},"end":{"line":160,"column":3}},"31":{"start":{"line":156,"column":4},"end":{"line":156,"column":45}},"32":{"start":{"line":157,"column":4},"end":{"line":157,"column":44}},"33":{"start":{"line":159,"column":4},"end":{"line":159,"column":64}},"34":{"start":{"line":181,"column":0},"end":{"line":188,"column":3}},"35":{"start":{"line":182,"column":2},"end":{"line":187,"column":3}},"36":{"start":{"line":183,"column":22},"end":{"line":183,"column":66}},"37":{"start":{"line":184,"column":4},"end":{"line":184,"column":45}},"38":{"start":{"line":186,"column":4},"end":{"line":186,"column":65}},"39":{"start":{"line":208,"column":0},"end":{"line":215,"column":3}},"40":{"start":{"line":209,"column":2},"end":{"line":214,"column":3}},"41":{"start":{"line":210,"column":22},"end":{"line":210,"column":78}},"42":{"start":{"line":211,"column":4},"end":{"line":211,"column":45}},"43":{"start":{"line":213,"column":4},"end":{"line":213,"column":65}},"44":{"start":{"line":231,"column":0},"end":{"line":240,"column":3}},"45":{"start":{"line":232,"column":2},"end":{"line":239,"column":3}},"46":{"start":{"line":233,"column":4},"end":{"line":233,"column":54}},"47":{"start":{"line":234,"column":4},"end":{"line":236,"column":73}},"48":{"start":{"line":238,"column":4},"end":{"line":238,"column":65}},"49":{"start":{"line":260,"column":0},"end":{"line":268,"column":3}},"50":{"start":{"line":261,"column":2},"end":{"line":267,"column":3}},"51":{"start":{"line":262,"column":22},"end":{"line":262,"column":37}},"52":{"start":{"line":263,"column":16},"end":{"line":263,"column":54}},"53":{"start":{"line":264,"column":4},"end":{"line":264,"column":39}},"54":{"start":{"line":266,"column":4},"end":{"line":266,"column":66}},"55":{"start":{"line":271,"column":0},"end":{"line":271,"column":24}}},"fnMap":{"0":{"name":"(anonymous_0)","decl":{"start":{"line":26,"column":25},"end":{"line":26,"column":26}},"loc":{"start":{"line":26,"column":45},"end":{"line":37,"column":1}},"line":26},"1":{"name":"(anonymous_1)","decl":{"start":{"line":58,"column":22},"end":{"line":58,"column":23}},"loc":{"start":{"line":58,"column":42},"end":{"line":69,"column":1}},"line":58},"2":{"name":"(anonymous_2)","decl":{"start":{"line":89,"column":46},"end":{"line":89,"column":47}},"loc":{"start":{"line":89,"column":66},"end":{"line":96,"column":1}},"line":89},"3":{"name":"(anonymous_3)","decl":{"start":{"line":123,"column":38},"end":{"line":123,"column":39}},"loc":{"start":{"line":123,"column":58},"end":{"line":136,"column":1}},"line":123},"4":{"name":"(anonymous_4)","decl":{"start":{"line":154,"column":15},"end":{"line":154,"column":16}},"loc":{"start":{"line":154,"column":35},"end":{"line":161,"column":1}},"line":154},"5":{"name":"(anonymous_5)","decl":{"start":{"line":181,"column":29},"end":{"line":181,"column":30}},"loc":{"start":{"line":181,"column":49},"end":{"line":188,"column":1}},"line":181},"6":{"name":"(anonymous_6)","decl":{"start":{"line":208,"column":30},"end":{"line":208,"column":31}},"loc":{"start":{"line":208,"column":50},"end":{"line":215,"column":1}},"line":208},"7":{"name":"(anonymous_7)","decl":{"start":{"line":231,"column":33},"end":{"line":231,"column":34}},"loc":{"start":{"line":231,"column":53},"end":{"line":240,"column":1}},"line":231},"8":{"name":"(anonymous_8)","decl":{"start":{"line":260,"column":22},"end":{"line":260,"column":23}},"loc":{"start":{"line":260,"column":42},"end":{"line":268,"column":1}},"line":260}},"branchMap":{},"s":{"0":5,"1":5,"2":5,"3":5,"4":5,"5":5,"6":2,"7":2,"8":1,"9":1,"10":1,"11":5,"12":3,"13":3,"14":2,"15":2,"16":1,"17":5,"18":1,"19":1,"20":1,"21":0,"22":5,"23":2,"24":2,"25":2,"26":2,"27":1,"28":1,"29":5,"30":1,"31":1,"32":1,"33":0,"34":5,"35":0,"36":0,"37":0,"38":0,"39":5,"40":2,"41":2,"42":1,"43":1,"44":5,"45":2,"46":2,"47":1,"48":1,"49":5,"50":1,"51":1,"52":1,"53":1,"54":0,"55":5},"f":{"0":2,"1":3,"2":1,"3":2,"4":1,"5":0,"6":2,"7":2,"8":1},"b":{},"_coverageSchema":"1a1c01bbd47fc00a2c39e90264f33305004495a9","hash":"0b5171a7e229e13eda989f3627a8cf7bdaeeb4f9"}
,"C:\\Users\\mokay\\Local-Repositories\\mullegro-api\\src\\api\\middlewares\\auth.js": {"path":"C:\\Users\\mokay\\Local-Repositories\\mullegro-api\\src\\api\\middlewares\\auth.js","statementMap":{"0":{"start":{"line":1,"column":12},"end":{"line":1,"column":35}},"1":{"start":{"line":3,"column":0},"end":{"line":17,"column":2}},"2":{"start":{"line":4,"column":2},"end":{"line":16,"column":3}},"3":{"start":{"line":5,"column":4},"end":{"line":5,"column":54}},"4":{"start":{"line":7,"column":4},"end":{"line":15,"column":7}},"5":{"start":{"line":8,"column":6},"end":{"line":14,"column":7}},"6":{"start":{"line":9,"column":8},"end":{"line":9,"column":37}},"7":{"start":{"line":10,"column":8},"end":{"line":10,"column":39}},"8":{"start":{"line":11,"column":8},"end":{"line":11,"column":15}},"9":{"start":{"line":13,"column":8},"end":{"line":13,"column":58}}},"fnMap":{"0":{"name":"(anonymous_0)","decl":{"start":{"line":3,"column":22},"end":{"line":3,"column":23}},"loc":{"start":{"line":3,"column":42},"end":{"line":17,"column":1}},"line":3},"1":{"name":"(anonymous_1)","decl":{"start":{"line":7,"column":52},"end":{"line":7,"column":53}},"loc":{"start":{"line":7,"column":70},"end":{"line":15,"column":5}},"line":7}},"branchMap":{"0":{"loc":{"start":{"line":4,"column":2},"end":{"line":16,"column":3}},"type":"if","locations":[{"start":{"line":4,"column":2},"end":{"line":16,"column":3}},{"start":{"line":6,"column":9},"end":{"line":16,"column":3}}],"line":4},"1":{"loc":{"start":{"line":8,"column":6},"end":{"line":14,"column":7}},"type":"if","locations":[{"start":{"line":8,"column":6},"end":{"line":14,"column":7}},{"start":{"line":12,"column":13},"end":{"line":14,"column":7}}],"line":8}},"s":{"0":5,"1":5,"2":36,"3":14,"4":22,"5":22,"6":22,"7":22,"8":22,"9":0},"f":{"0":36,"1":22},"b":{"0":[14,22],"1":[22,0]},"_coverageSchema":"1a1c01bbd47fc00a2c39e90264f33305004495a9","hash":"4a3e52c0e6d59353f0b95691c0a3e559fb8bc585"}
,"C:\\Users\\mokay\\Local-Repositories\\mullegro-api\\src\\api\\middlewares\\logger.js": {"path":"C:\\Users\\mokay\\Local-Repositories\\mullegro-api\\src\\api\\middlewares\\logger.js","statementMap":{"0":{"start":{"line":7,"column":0},"end":{"line":12,"column":2}},"1":{"start":{"line":8,"column":24},"end":{"line":8,"column":87}},"2":{"start":{"line":10,"column":2},"end":{"line":10,"column":40}},"3":{"start":{"line":11,"column":2},"end":{"line":11,"column":9}},"4":{"start":{"line":19,"column":17},"end":{"line":36,"column":2}},"5":{"start":{"line":19,"column":31},"end":{"line":36,"column":1}},"6":{"start":{"line":42,"column":19},"end":{"line":63,"column":1}},"7":{"start":{"line":43,"column":2},"end":{"line":62,"column":3}},"8":{"start":{"line":45,"column":6},"end":{"line":45,"column":51}},"9":{"start":{"line":46,"column":6},"end":{"line":46,"column":12}},"10":{"start":{"line":49,"column":6},"end":{"line":49,"column":49}},"11":{"start":{"line":50,"column":6},"end":{"line":50,"column":12}},"12":{"start":{"line":53,"column":6},"end":{"line":53,"column":50}},"13":{"start":{"line":54,"column":6},"end":{"line":54,"column":12}},"14":{"start":{"line":57,"column":6},"end":{"line":57,"column":47}},"15":{"start":{"line":58,"column":6},"end":{"line":58,"column":12}},"16":{"start":{"line":61,"column":6},"end":{"line":61,"column":49}}},"fnMap":{"0":{"name":"(anonymous_0)","decl":{"start":{"line":7,"column":17},"end":{"line":7,"column":18}},"loc":{"start":{"line":7,"column":37},"end":{"line":12,"column":1}},"line":7},"1":{"name":"(anonymous_1)","decl":{"start":{"line":19,"column":17},"end":{"line":19,"column":18}},"loc":{"start":{"line":19,"column":31},"end":{"line":36,"column":1}},"line":19},"2":{"name":"(anonymous_2)","decl":{"start":{"line":42,"column":19},"end":{"line":42,"column":20}},"loc":{"start":{"line":42,"column":53},"end":{"line":63,"column":1}},"line":42}},"branchMap":{"0":{"loc":{"start":{"line":43,"column":2},"end":{"line":62,"column":3}},"type":"switch","locations":[{"start":{"line":44,"column":4},"end":{"line":46,"column":12}},{"start":{"line":48,"column":4},"end":{"line":50,"column":12}},{"start":{"line":52,"column":4},"end":{"line":54,"column":12}},{"start":{"line":56,"column":4},"end":{"line":58,"column":12}},{"start":{"line":60,"column":4},"end":{"line":61,"column":49}}],"line":43}},"s":{"0":5,"1":69,"2":69,"3":69,"4":5,"5":69,"6":5,"7":69,"8":34,"9":34,"10":17,"11":17,"12":8,"13":8,"14":10,"15":10,"16":0},"f":{"0":69,"1":69,"2":69},"b":{"0":[34,17,8,10,0]},"_coverageSchema":"1a1c01bbd47fc00a2c39e90264f33305004495a9","hash":"ef855847d464b9529e0590bec0ed74d25b604f48"}
,"C:\\Users\\mokay\\Local-Repositories\\mullegro-api\\src\\api\\middlewares\\swaggerSetup.js": {"path":"C:\\Users\\mokay\\Local-Repositories\\mullegro-api\\src\\api\\middlewares\\swaggerSetup.js","statementMap":{"0":{"start":{"line":1,"column":21},"end":{"line":1,"column":45}},"1":{"start":{"line":4,"column":35},"end":{"line":30,"column":1}},"2":{"start":{"line":33,"column":29},"end":{"line":66,"column":1}},"3":{"start":{"line":69,"column":35},"end":{"line":80,"column":1}},"4":{"start":{"line":83,"column":29},"end":{"line":116,"column":1}},"5":{"start":{"line":119,"column":29},"end":{"line":132,"column":1}},"6":{"start":{"line":135,"column":36},"end":{"line":152,"column":1}},"7":{"start":{"line":155,"column":31},"end":{"line":176,"column":1}},"8":{"start":{"line":179,"column":30},"end":{"line":188,"column":1}},"9":{"start":{"line":191,"column":38},"end":{"line":201,"column":1}},"10":{"start":{"line":204,"column":16},"end":{"line":270,"column":1}},"11":{"start":{"line":273,"column":20},"end":{"line":277,"column":1}},"12":{"start":{"line":280,"column":23},"end":{"line":284,"column":1}},"13":{"start":{"line":287,"column":19},"end":{"line":331,"column":1}},"14":{"start":{"line":334,"column":17},"end":{"line":340,"column":1}},"15":{"start":{"line":343,"column":19},"end":{"line":347,"column":1}},"16":{"start":{"line":350,"column":26},"end":{"line":358,"column":1}},"17":{"start":{"line":361,"column":23},"end":{"line":371,"column":1}},"18":{"start":{"line":374,"column":0},"end":{"line":374,"column":46}}},"fnMap":{},"branchMap":{},"s":{"0":5,"1":5,"2":5,"3":5,"4":5,"5":5,"6":5,"7":5,"8":5,"9":5,"10":5,"11":5,"12":5,"13":5,"14":5,"15":5,"16":5,"17":5,"18":5},"f":{},"b":{},"_coverageSchema":"1a1c01bbd47fc00a2c39e90264f33305004495a9","hash":"c0c49a74178e3a470c4a80774d633bdfee0d99a4"}
,"C:\\Users\\mokay\\Local-Repositories\\mullegro-api\\src\\api\\models\\cart.js": {"path":"C:\\Users\\mokay\\Local-Repositories\\mullegro-api\\src\\api\\models\\cart.js","statementMap":{"0":{"start":{"line":1,"column":0},"end":{"line":17,"column":2}},"1":{"start":{"line":2,"column":15},"end":{"line":15,"column":4}},"2":{"start":{"line":16,"column":2},"end":{"line":16,"column":14}}},"fnMap":{"0":{"name":"(anonymous_0)","decl":{"start":{"line":1,"column":17},"end":{"line":1,"column":18}},"loc":{"start":{"line":1,"column":43},"end":{"line":17,"column":1}},"line":1}},"branchMap":{},"s":{"0":10,"1":10,"2":10},"f":{"0":10},"b":{},"_coverageSchema":"1a1c01bbd47fc00a2c39e90264f33305004495a9","hash":"078b0c023785239494b604052b2691ae229cbb68"}
,"C:\\Users\\mokay\\Local-Repositories\\mullegro-api\\src\\api\\models\\index.js": {"path":"C:\\Users\\mokay\\Local-Repositories\\mullegro-api\\src\\api\\models\\index.js","statementMap":{"0":{"start":{"line":1,"column":18},"end":{"line":1,"column":38}},"1":{"start":{"line":4,"column":18},"end":{"line":8,"column":2}},"2":{"start":{"line":11,"column":0},"end":{"line":18,"column":5}},"3":{"start":{"line":14,"column":4},"end":{"line":14,"column":47}},"4":{"start":{"line":17,"column":4},"end":{"line":17,"column":34}},"5":{"start":{"line":21,"column":11},"end":{"line":21,"column":13}},"6":{"start":{"line":22,"column":0},"end":{"line":22,"column":25}},"7":{"start":{"line":23,"column":0},"end":{"line":23,"column":25}},"8":{"start":{"line":26,"column":0},"end":{"line":26,"column":51}},"9":{"start":{"line":27,"column":0},"end":{"line":27,"column":51}},"10":{"start":{"line":28,"column":0},"end":{"line":28,"column":51}},"11":{"start":{"line":29,"column":0},"end":{"line":29,"column":65}},"12":{"start":{"line":30,"column":0},"end":{"line":30,"column":55}},"13":{"start":{"line":33,"column":0},"end":{"line":33,"column":27}},"14":{"start":{"line":34,"column":0},"end":{"line":34,"column":29}},"15":{"start":{"line":36,"column":0},"end":{"line":36,"column":26}},"16":{"start":{"line":37,"column":0},"end":{"line":37,"column":29}},"17":{"start":{"line":39,"column":0},"end":{"line":39,"column":27}},"18":{"start":{"line":40,"column":0},"end":{"line":40,"column":29}},"19":{"start":{"line":42,"column":0},"end":{"line":42,"column":34}},"20":{"start":{"line":43,"column":0},"end":{"line":43,"column":36}},"21":{"start":{"line":45,"column":0},"end":{"line":45,"column":34}},"22":{"start":{"line":46,"column":0},"end":{"line":46,"column":36}},"23":{"start":{"line":48,"column":0},"end":{"line":48,"column":28}},"24":{"start":{"line":49,"column":0},"end":{"line":49,"column":31}},"25":{"start":{"line":51,"column":0},"end":{"line":51,"column":29}},"26":{"start":{"line":52,"column":0},"end":{"line":52,"column":31}},"27":{"start":{"line":55,"column":0},"end":{"line":55,"column":20}}},"fnMap":{"0":{"name":"(anonymous_0)","decl":{"start":{"line":13,"column":8},"end":{"line":13,"column":9}},"loc":{"start":{"line":13,"column":14},"end":{"line":15,"column":3}},"line":13},"1":{"name":"(anonymous_1)","decl":{"start":{"line":16,"column":9},"end":{"line":16,"column":10}},"loc":{"start":{"line":16,"column":16},"end":{"line":18,"column":3}},"line":16}},"branchMap":{},"s":{"0":10,"1":10,"2":10,"3":10,"4":0,"5":10,"6":10,"7":10,"8":10,"9":10,"10":10,"11":10,"12":10,"13":10,"14":10,"15":10,"16":10,"17":10,"18":10,"19":10,"20":10,"21":10,"22":10,"23":10,"24":10,"25":10,"26":10,"27":10},"f":{"0":10,"1":0},"b":{},"_coverageSchema":"1a1c01bbd47fc00a2c39e90264f33305004495a9","hash":"9b9424ed2243917043301f94b9e3c11518f7b0ab"}
,"C:\\Users\\mokay\\Local-Repositories\\mullegro-api\\src\\api\\models\\post.js": {"path":"C:\\Users\\mokay\\Local-Repositories\\mullegro-api\\src\\api\\models\\post.js","statementMap":{"0":{"start":{"line":1,"column":0},"end":{"line":39,"column":2}},"1":{"start":{"line":2,"column":15},"end":{"line":37,"column":4}},"2":{"start":{"line":38,"column":2},"end":{"line":38,"column":14}}},"fnMap":{"0":{"name":"(anonymous_0)","decl":{"start":{"line":1,"column":17},"end":{"line":1,"column":18}},"loc":{"start":{"line":1,"column":43},"end":{"line":39,"column":1}},"line":1}},"branchMap":{},"s":{"0":10,"1":10,"2":10},"f":{"0":10},"b":{},"_coverageSchema":"1a1c01bbd47fc00a2c39e90264f33305004495a9","hash":"2de7db5f0a97616f84927b84c3bc61ebf68e477b"}
,"C:\\Users\\mokay\\Local-Repositories\\mullegro-api\\src\\api\\models\\review.js": {"path":"C:\\Users\\mokay\\Local-Repositories\\mullegro-api\\src\\api\\models\\review.js","statementMap":{"0":{"start":{"line":1,"column":0},"end":{"line":19,"column":2}},"1":{"start":{"line":2,"column":17},"end":{"line":17,"column":4}},"2":{"start":{"line":18,"column":2},"end":{"line":18,"column":16}}},"fnMap":{"0":{"name":"(anonymous_0)","decl":{"start":{"line":1,"column":17},"end":{"line":1,"column":18}},"loc":{"start":{"line":1,"column":43},"end":{"line":19,"column":1}},"line":1}},"branchMap":{},"s":{"0":10,"1":10,"2":10},"f":{"0":10},"b":{},"_coverageSchema":"1a1c01bbd47fc00a2c39e90264f33305004495a9","hash":"ed15eb8d003e771860472960b0d5c0d70399f8b5"}
,"C:\\Users\\mokay\\Local-Repositories\\mullegro-api\\src\\api\\models\\transaction.js": {"path":"C:\\Users\\mokay\\Local-Repositories\\mullegro-api\\src\\api\\models\\transaction.js","statementMap":{"0":{"start":{"line":1,"column":0},"end":{"line":17,"column":2}},"1":{"start":{"line":2,"column":22},"end":{"line":15,"column":4}},"2":{"start":{"line":16,"column":2},"end":{"line":16,"column":21}}},"fnMap":{"0":{"name":"(anonymous_0)","decl":{"start":{"line":1,"column":17},"end":{"line":1,"column":18}},"loc":{"start":{"line":1,"column":43},"end":{"line":17,"column":1}},"line":1}},"branchMap":{},"s":{"0":10,"1":10,"2":10},"f":{"0":10},"b":{},"_coverageSchema":"1a1c01bbd47fc00a2c39e90264f33305004495a9","hash":"b0b23c08585de8ea4afe4c8222711297877e3e4b"}
,"C:\\Users\\mokay\\Local-Repositories\\mullegro-api\\src\\api\\models\\user.js": {"path":"C:\\Users\\mokay\\Local-Repositories\\mullegro-api\\src\\api\\models\\user.js","statementMap":{"0":{"start":{"line":6,"column":0},"end":{"line":45,"column":2}},"1":{"start":{"line":7,"column":15},"end":{"line":43,"column":4}},"2":{"start":{"line":44,"column":2},"end":{"line":44,"column":14}}},"fnMap":{"0":{"name":"(anonymous_0)","decl":{"start":{"line":6,"column":17},"end":{"line":6,"column":18}},"loc":{"start":{"line":6,"column":43},"end":{"line":45,"column":1}},"line":6}},"branchMap":{},"s":{"0":10,"1":10,"2":10},"f":{"0":10},"b":{},"_coverageSchema":"1a1c01bbd47fc00a2c39e90264f33305004495a9","hash":"f1c192fe4a4133c640768860a608a707c018128e"}
,"C:\\Users\\mokay\\Local-Repositories\\mullegro-api\\src\\api\\services\\cart.service.js": {"path":"C:\\Users\\mokay\\Local-Repositories\\mullegro-api\\src\\api\\services\\cart.service.js","statementMap":{"0":{"start":{"line":1,"column":11},"end":{"line":1,"column":37}},"1":{"start":{"line":2,"column":13},"end":{"line":2,"column":21}},"2":{"start":{"line":3,"column":22},"end":{"line":3,"column":49}},"3":{"start":{"line":9,"column":26},"end":{"line":12,"column":1}},"4":{"start":{"line":10,"column":17},"end":{"line":10,"column":37}},"5":{"start":{"line":11,"column":2},"end":{"line":11,"column":73}},"6":{"start":{"line":11,"column":17},"end":{"line":11,"column":73}},"7":{"start":{"line":18,"column":25},"end":{"line":21,"column":1}},"8":{"start":{"line":19,"column":13},"end":{"line":19,"column":40}},"9":{"start":{"line":20,"column":2},"end":{"line":20,"column":62}},"10":{"start":{"line":20,"column":13},"end":{"line":20,"column":62}},"11":{"start":{"line":28,"column":0},"end":{"line":40,"column":2}},"12":{"start":{"line":29,"column":2},"end":{"line":39,"column":3}},"13":{"start":{"line":30,"column":4},"end":{"line":33,"column":7}},"14":{"start":{"line":35,"column":4},"end":{"line":35,"column":56}},"15":{"start":{"line":37,"column":22},"end":{"line":37,"column":53}},"16":{"start":{"line":38,"column":4},"end":{"line":38,"column":62}},"17":{"start":{"line":48,"column":0},"end":{"line":63,"column":2}},"18":{"start":{"line":49,"column":2},"end":{"line":62,"column":3}},"19":{"start":{"line":50,"column":4},"end":{"line":50,"column":34}},"20":{"start":{"line":51,"column":4},"end":{"line":51,"column":35}},"21":{"start":{"line":53,"column":19},"end":{"line":53,"column":39}},"22":{"start":{"line":54,"column":4},"end":{"line":54,"column":35}},"23":{"start":{"line":56,"column":4},"end":{"line":58,"column":7}},"24":{"start":{"line":60,"column":22},"end":{"line":60,"column":54}},"25":{"start":{"line":61,"column":4},"end":{"line":61,"column":62}},"26":{"start":{"line":71,"column":0},"end":{"line":88,"column":2}},"27":{"start":{"line":72,"column":2},"end":{"line":87,"column":3}},"28":{"start":{"line":73,"column":4},"end":{"line":73,"column":34}},"29":{"start":{"line":74,"column":4},"end":{"line":74,"column":35}},"30":{"start":{"line":76,"column":19},"end":{"line":76,"column":39}},"31":{"start":{"line":78,"column":4},"end":{"line":78,"column":38}},"32":{"start":{"line":79,"column":4},"end":{"line":79,"column":26}},"33":{"start":{"line":81,"column":4},"end":{"line":83,"column":7}},"34":{"start":{"line":85,"column":22},"end":{"line":85,"column":54}},"35":{"start":{"line":86,"column":4},"end":{"line":86,"column":62}},"36":{"start":{"line":95,"column":0},"end":{"line":115,"column":2}},"37":{"start":{"line":96,"column":2},"end":{"line":114,"column":3}},"38":{"start":{"line":97,"column":4},"end":{"line":97,"column":34}},"39":{"start":{"line":98,"column":19},"end":{"line":100,"column":6}},"40":{"start":{"line":102,"column":4},"end":{"line":102,"column":53}},"41":{"start":{"line":103,"column":4},"end":{"line":103,"column":29}},"42":{"start":{"line":105,"column":4},"end":{"line":107,"column":7}},"43":{"start":{"line":106,"column":6},"end":{"line":106,"column":41}},"44":{"start":{"line":109,"column":4},"end":{"line":109,"column":26}},"45":{"start":{"line":110,"column":4},"end":{"line":110,"column":20}},"46":{"start":{"line":112,"column":22},"end":{"line":112,"column":59}},"47":{"start":{"line":113,"column":4},"end":{"line":113,"column":62}},"48":{"start":{"line":122,"column":0},"end":{"line":136,"column":2}},"49":{"start":{"line":123,"column":2},"end":{"line":135,"column":3}},"50":{"start":{"line":124,"column":4},"end":{"line":124,"column":34}},"51":{"start":{"line":125,"column":19},"end":{"line":125,"column":39}},"52":{"start":{"line":127,"column":16},"end":{"line":127,"column":41}},"53":{"start":{"line":128,"column":4},"end":{"line":128,"column":68}},"54":{"start":{"line":128,"column":32},"end":{"line":128,"column":66}},"55":{"start":{"line":130,"column":4},"end":{"line":130,"column":26}},"56":{"start":{"line":131,"column":4},"end":{"line":131,"column":69}},"57":{"start":{"line":133,"column":22},"end":{"line":133,"column":53}},"58":{"start":{"line":134,"column":4},"end":{"line":134,"column":62}}},"fnMap":{"0":{"name":"(anonymous_0)","decl":{"start":{"line":9,"column":26},"end":{"line":9,"column":27}},"loc":{"start":{"line":9,"column":40},"end":{"line":12,"column":1}},"line":9},"1":{"name":"(anonymous_1)","decl":{"start":{"line":18,"column":25},"end":{"line":18,"column":26}},"loc":{"start":{"line":18,"column":41},"end":{"line":21,"column":1}},"line":18},"2":{"name":"(anonymous_2)","decl":{"start":{"line":28,"column":21},"end":{"line":28,"column":22}},"loc":{"start":{"line":28,"column":35},"end":{"line":40,"column":1}},"line":28},"3":{"name":"(anonymous_3)","decl":{"start":{"line":48,"column":20},"end":{"line":48,"column":21}},"loc":{"start":{"line":48,"column":44},"end":{"line":63,"column":1}},"line":48},"4":{"name":"(anonymous_4)","decl":{"start":{"line":71,"column":25},"end":{"line":71,"column":26}},"loc":{"start":{"line":71,"column":49},"end":{"line":88,"column":1}},"line":71},"5":{"name":"(anonymous_5)","decl":{"start":{"line":95,"column":18},"end":{"line":95,"column":19}},"loc":{"start":{"line":95,"column":32},"end":{"line":115,"column":1}},"line":95},"6":{"name":"(anonymous_6)","decl":{"start":{"line":105,"column":33},"end":{"line":105,"column":34}},"loc":{"start":{"line":105,"column":41},"end":{"line":107,"column":5}},"line":105},"7":{"name":"(anonymous_7)","decl":{"start":{"line":122,"column":20},"end":{"line":122,"column":21}},"loc":{"start":{"line":122,"column":34},"end":{"line":136,"column":1}},"line":122},"8":{"name":"(anonymous_8)","decl":{"start":{"line":128,"column":18},"end":{"line":128,"column":19}},"loc":{"start":{"line":128,"column":32},"end":{"line":128,"column":66}},"line":128}},"branchMap":{"0":{"loc":{"start":{"line":11,"column":2},"end":{"line":11,"column":73}},"type":"if","locations":[{"start":{"line":11,"column":2},"end":{"line":11,"column":73}},{"start":{},"end":{}}],"line":11},"1":{"loc":{"start":{"line":20,"column":2},"end":{"line":20,"column":62}},"type":"if","locations":[{"start":{"line":20,"column":2},"end":{"line":20,"column":62}},{"start":{},"end":{}}],"line":20}},"s":{"0":9,"1":9,"2":9,"3":9,"4":44,"5":42,"6":0,"7":9,"8":37,"9":37,"10":4,"11":9,"12":51,"13":51,"14":50,"15":1,"16":1,"17":9,"18":33,"19":33,"20":33,"21":31,"22":31,"23":31,"24":2,"25":2,"26":9,"27":4,"28":4,"29":4,"30":2,"31":2,"32":2,"33":2,"34":2,"35":2,"36":9,"37":4,"38":4,"39":3,"40":3,"41":3,"42":3,"43":5,"44":3,"45":3,"46":1,"47":1,"48":9,"49":3,"50":3,"51":2,"52":2,"53":2,"54":5,"55":2,"56":2,"57":1,"58":1},"f":{"0":44,"1":37,"2":51,"3":33,"4":4,"5":4,"6":5,"7":3,"8":5},"b":{"0":[0,42],"1":[4,33]},"_coverageSchema":"1a1c01bbd47fc00a2c39e90264f33305004495a9","hash":"cc310d91eab6d514a8fdbe95dcd4da0d56b01be8"}
,"C:\\Users\\mokay\\Local-Repositories\\mullegro-api\\src\\api\\services\\helper.service.js": {"path":"C:\\Users\\mokay\\Local-Repositories\\mullegro-api\\src\\api\\services\\helper.service.js","statementMap":{"0":{"start":{"line":6,"column":0},"end":{"line":9,"column":2}},"1":{"start":{"line":7,"column":2},"end":{"line":7,"column":27}},"2":{"start":{"line":8,"column":2},"end":{"line":8,"column":46}}},"fnMap":{"0":{"name":"(anonymous_0)","decl":{"start":{"line":6,"column":34},"end":{"line":6,"column":35}},"loc":{"start":{"line":6,"column":47},"end":{"line":9,"column":1}},"line":6}},"branchMap":{},"s":{"0":10,"1":62,"2":62},"f":{"0":62},"b":{},"_coverageSchema":"1a1c01bbd47fc00a2c39e90264f33305004495a9","hash":"99dab4c51031dfa98659a8a07acbd15ad9bd0a57"}
,"C:\\Users\\mokay\\Local-Repositories\\mullegro-api\\src\\api\\services\\post.service.js": {"path":"C:\\Users\\mokay\\Local-Repositories\\mullegro-api\\src\\api\\services\\post.service.js","statementMap":{"0":{"start":{"line":1,"column":22},"end":{"line":1,"column":49}},"1":{"start":{"line":2,"column":11},"end":{"line":2,"column":31}},"2":{"start":{"line":3,"column":13},"end":{"line":3,"column":21}},"3":{"start":{"line":4,"column":25},"end":{"line":4,"column":38}},"4":{"start":{"line":5,"column":18},"end":{"line":5,"column":38}},"5":{"start":{"line":6,"column":11},"end":{"line":6,"column":23}},"6":{"start":{"line":15,"column":0},"end":{"line":24,"column":2}},"7":{"start":{"line":16,"column":2},"end":{"line":23,"column":3}},"8":{"start":{"line":17,"column":4},"end":{"line":19,"column":64}},"9":{"start":{"line":21,"column":20},"end":{"line":21,"column":56}},"10":{"start":{"line":22,"column":4},"end":{"line":22,"column":60}},"11":{"start":{"line":32,"column":0},"end":{"line":40,"column":2}},"12":{"start":{"line":33,"column":2},"end":{"line":39,"column":3}},"13":{"start":{"line":34,"column":4},"end":{"line":34,"column":33}},"14":{"start":{"line":35,"column":4},"end":{"line":35,"column":49}},"15":{"start":{"line":37,"column":20},"end":{"line":37,"column":49}},"16":{"start":{"line":38,"column":4},"end":{"line":38,"column":60}},"17":{"start":{"line":48,"column":0},"end":{"line":60,"column":2}},"18":{"start":{"line":49,"column":2},"end":{"line":59,"column":3}},"19":{"start":{"line":50,"column":15},"end":{"line":53,"column":5}},"20":{"start":{"line":54,"column":4},"end":{"line":54,"column":71}},"21":{"start":{"line":54,"column":22},"end":{"line":54,"column":71}},"22":{"start":{"line":55,"column":4},"end":{"line":55,"column":39}},"23":{"start":{"line":57,"column":20},"end":{"line":57,"column":49}},"24":{"start":{"line":58,"column":4},"end":{"line":58,"column":60}},"25":{"start":{"line":68,"column":0},"end":{"line":80,"column":2}},"26":{"start":{"line":69,"column":2},"end":{"line":79,"column":3}},"27":{"start":{"line":70,"column":15},"end":{"line":72,"column":6}},"28":{"start":{"line":73,"column":4},"end":{"line":73,"column":64}},"29":{"start":{"line":73,"column":15},"end":{"line":73,"column":64}},"30":{"start":{"line":74,"column":4},"end":{"line":74,"column":25}},"31":{"start":{"line":75,"column":4},"end":{"line":75,"column":51}},"32":{"start":{"line":77,"column":20},"end":{"line":77,"column":49}},"33":{"start":{"line":78,"column":4},"end":{"line":78,"column":60}},"34":{"start":{"line":88,"column":0},"end":{"line":104,"column":2}},"35":{"start":{"line":89,"column":2},"end":{"line":103,"column":3}},"36":{"start":{"line":90,"column":4},"end":{"line":91,"column":68}},"37":{"start":{"line":91,"column":6},"end":{"line":91,"column":68}},"38":{"start":{"line":92,"column":4},"end":{"line":99,"column":7}},"39":{"start":{"line":101,"column":20},"end":{"line":101,"column":49}},"40":{"start":{"line":102,"column":4},"end":{"line":102,"column":60}},"41":{"start":{"line":111,"column":0},"end":{"line":120,"column":2}},"42":{"start":{"line":112,"column":2},"end":{"line":119,"column":3}},"43":{"start":{"line":113,"column":15},"end":{"line":113,"column":42}},"44":{"start":{"line":114,"column":4},"end":{"line":114,"column":64}},"45":{"start":{"line":114,"column":15},"end":{"line":114,"column":64}},"46":{"start":{"line":115,"column":4},"end":{"line":115,"column":16}},"47":{"start":{"line":117,"column":20},"end":{"line":117,"column":48}},"48":{"start":{"line":118,"column":4},"end":{"line":118,"column":60}},"49":{"start":{"line":127,"column":27},"end":{"line":139,"column":1}},"50":{"start":{"line":128,"column":2},"end":{"line":138,"column":3}},"51":{"start":{"line":129,"column":4},"end":{"line":134,"column":7}},"52":{"start":{"line":136,"column":20},"end":{"line":136,"column":61}},"53":{"start":{"line":137,"column":4},"end":{"line":137,"column":60}},"54":{"start":{"line":145,"column":0},"end":{"line":150,"column":2}},"55":{"start":{"line":146,"column":19},"end":{"line":146,"column":62}},"56":{"start":{"line":147,"column":19},"end":{"line":147,"column":50}},"57":{"start":{"line":148,"column":24},"end":{"line":148,"column":44}},"58":{"start":{"line":149,"column":2},"end":{"line":149,"column":32}},"59":{"start":{"line":157,"column":28},"end":{"line":169,"column":1}},"60":{"start":{"line":158,"column":2},"end":{"line":168,"column":3}},"61":{"start":{"line":159,"column":4},"end":{"line":164,"column":7}},"62":{"start":{"line":166,"column":20},"end":{"line":166,"column":62}},"63":{"start":{"line":167,"column":4},"end":{"line":167,"column":60}},"64":{"start":{"line":175,"column":0},"end":{"line":185,"column":2}},"65":{"start":{"line":176,"column":27},"end":{"line":183,"column":3}},"66":{"start":{"line":184,"column":2},"end":{"line":184,"column":26}},"67":{"start":{"line":193,"column":0},"end":{"line":208,"column":2}},"68":{"start":{"line":194,"column":2},"end":{"line":207,"column":3}},"69":{"start":{"line":195,"column":24},"end":{"line":195,"column":26}},"70":{"start":{"line":197,"column":26},"end":{"line":197,"column":65}},"71":{"start":{"line":199,"column":27},"end":{"line":199,"column":68}},"72":{"start":{"line":200,"column":4},"end":{"line":200,"column":41}},"73":{"start":{"line":202,"column":4},"end":{"line":202,"column":62}},"74":{"start":{"line":203,"column":4},"end":{"line":203,"column":25}},"75":{"start":{"line":205,"column":20},"end":{"line":205,"column":53}},"76":{"start":{"line":206,"column":4},"end":{"line":206,"column":60}}},"fnMap":{"0":{"name":"(anonymous_0)","decl":{"start":{"line":15,"column":30},"end":{"line":15,"column":31}},"loc":{"start":{"line":15,"column":61},"end":{"line":24,"column":1}},"line":15},"1":{"name":"(anonymous_1)","decl":{"start":{"line":32,"column":24},"end":{"line":32,"column":25}},"loc":{"start":{"line":32,"column":56},"end":{"line":40,"column":1}},"line":32},"2":{"name":"(anonymous_2)","decl":{"start":{"line":48,"column":27},"end":{"line":48,"column":28}},"loc":{"start":{"line":48,"column":57},"end":{"line":60,"column":1}},"line":48},"3":{"name":"(anonymous_3)","decl":{"start":{"line":68,"column":21},"end":{"line":68,"column":22}},"loc":{"start":{"line":68,"column":52},"end":{"line":80,"column":1}},"line":68},"4":{"name":"(anonymous_4)","decl":{"start":{"line":88,"column":18},"end":{"line":88,"column":19}},"loc":{"start":{"line":88,"column":39},"end":{"line":104,"column":1}},"line":88},"5":{"name":"(anonymous_5)","decl":{"start":{"line":111,"column":18},"end":{"line":111,"column":19}},"loc":{"start":{"line":111,"column":34},"end":{"line":120,"column":1}},"line":111},"6":{"name":"(anonymous_6)","decl":{"start":{"line":127,"column":27},"end":{"line":127,"column":28}},"loc":{"start":{"line":127,"column":45},"end":{"line":139,"column":1}},"line":127},"7":{"name":"(anonymous_7)","decl":{"start":{"line":145,"column":30},"end":{"line":145,"column":31}},"loc":{"start":{"line":145,"column":36},"end":{"line":150,"column":1}},"line":145},"8":{"name":"(anonymous_8)","decl":{"start":{"line":157,"column":28},"end":{"line":157,"column":29}},"loc":{"start":{"line":157,"column":47},"end":{"line":169,"column":1}},"line":157},"9":{"name":"(anonymous_9)","decl":{"start":{"line":175,"column":31},"end":{"line":175,"column":32}},"loc":{"start":{"line":175,"column":37},"end":{"line":185,"column":1}},"line":175},"10":{"name":"(anonymous_10)","decl":{"start":{"line":193,"column":22},"end":{"line":193,"column":23}},"loc":{"start":{"line":193,"column":63},"end":{"line":208,"column":1}},"line":193}},"branchMap":{"0":{"loc":{"start":{"line":17,"column":11},"end":{"line":19,"column":63}},"type":"cond-expr","locations":[{"start":{"line":18,"column":8},"end":{"line":18,"column":29}},{"start":{"line":19,"column":8},"end":{"line":19,"column":63}}],"line":17},"1":{"loc":{"start":{"line":54,"column":4},"end":{"line":54,"column":71}},"type":"if","locations":[{"start":{"line":54,"column":4},"end":{"line":54,"column":71}},{"start":{},"end":{}}],"line":54},"2":{"loc":{"start":{"line":73,"column":4},"end":{"line":73,"column":64}},"type":"if","locations":[{"start":{"line":73,"column":4},"end":{"line":73,"column":64}},{"start":{},"end":{}}],"line":73},"3":{"loc":{"start":{"line":90,"column":4},"end":{"line":91,"column":68}},"type":"if","locations":[{"start":{"line":90,"column":4},"end":{"line":91,"column":68}},{"start":{},"end":{}}],"line":90},"4":{"loc":{"start":{"line":114,"column":4},"end":{"line":114,"column":64}},"type":"if","locations":[{"start":{"line":114,"column":4},"end":{"line":114,"column":64}},{"start":{},"end":{}}],"line":114}},"s":{"0":7,"1":7,"2":7,"3":7,"4":7,"5":7,"6":7,"7":5,"8":5,"9":1,"10":1,"11":7,"12":4,"13":4,"14":4,"15":2,"16":2,"17":7,"18":4,"19":4,"20":4,"21":2,"22":2,"23":2,"24":2,"25":7,"26":5,"27":5,"28":4,"29":2,"30":2,"31":2,"32":3,"33":3,"34":7,"35":4,"36":4,"37":2,"38":2,"39":0,"40":0,"41":7,"42":8,"43":8,"44":8,"45":4,"46":4,"47":4,"48":4,"49":7,"50":4,"51":4,"52":0,"53":0,"54":7,"55":2,"56":2,"57":2,"58":2,"59":7,"60":4,"61":4,"62":0,"63":0,"64":7,"65":2,"66":2,"67":7,"68":4,"69":4,"70":4,"71":4,"72":4,"73":4,"74":4,"75":0,"76":0},"f":{"0":5,"1":4,"2":4,"3":5,"4":4,"5":8,"6":4,"7":2,"8":4,"9":2,"10":4},"b":{"0":[2,3],"1":[2,2],"2":[2,2],"3":[2,2],"4":[4,4]},"_coverageSchema":"1a1c01bbd47fc00a2c39e90264f33305004495a9","hash":"9b31348b54d2b5991cb11babde82639733d42972"}
,"C:\\Users\\mokay\\Local-Repositories\\mullegro-api\\src\\api\\services\\review.service.js": {"path":"C:\\Users\\mokay\\Local-Repositories\\mullegro-api\\src\\api\\services\\review.service.js","statementMap":{"0":{"start":{"line":1,"column":11},"end":{"line":1,"column":31}},"1":{"start":{"line":2,"column":15},"end":{"line":2,"column":25}},"2":{"start":{"line":3,"column":13},"end":{"line":3,"column":21}},"3":{"start":{"line":4,"column":22},"end":{"line":4,"column":49}},"4":{"start":{"line":5,"column":20},"end":{"line":5,"column":45}},"5":{"start":{"line":6,"column":20},"end":{"line":6,"column":45}},"6":{"start":{"line":14,"column":0},"end":{"line":21,"column":2}},"7":{"start":{"line":15,"column":2},"end":{"line":20,"column":3}},"8":{"start":{"line":16,"column":4},"end":{"line":16,"column":43}},"9":{"start":{"line":18,"column":22},"end":{"line":18,"column":55}},"10":{"start":{"line":19,"column":4},"end":{"line":19,"column":62}},"11":{"start":{"line":28,"column":0},"end":{"line":37,"column":2}},"12":{"start":{"line":29,"column":2},"end":{"line":36,"column":3}},"13":{"start":{"line":30,"column":17},"end":{"line":30,"column":48}},"14":{"start":{"line":31,"column":4},"end":{"line":31,"column":63}},"15":{"start":{"line":31,"column":17},"end":{"line":31,"column":63}},"16":{"start":{"line":32,"column":4},"end":{"line":32,"column":18}},"17":{"start":{"line":34,"column":22},"end":{"line":34,"column":55}},"18":{"start":{"line":35,"column":4},"end":{"line":35,"column":62}},"19":{"start":{"line":44,"column":0},"end":{"line":53,"column":1}},"20":{"start":{"line":45,"column":2},"end":{"line":52,"column":3}},"21":{"start":{"line":46,"column":15},"end":{"line":46,"column":48}},"22":{"start":{"line":47,"column":4},"end":{"line":47,"column":63}},"23":{"start":{"line":47,"column":15},"end":{"line":47,"column":63}},"24":{"start":{"line":48,"column":4},"end":{"line":48,"column":34}},"25":{"start":{"line":50,"column":22},"end":{"line":50,"column":55}},"26":{"start":{"line":51,"column":4},"end":{"line":51,"column":62}},"27":{"start":{"line":62,"column":0},"end":{"line":79,"column":2}},"28":{"start":{"line":63,"column":2},"end":{"line":78,"column":3}},"29":{"start":{"line":64,"column":23},"end":{"line":64,"column":54}},"30":{"start":{"line":66,"column":4},"end":{"line":68,"column":5}},"31":{"start":{"line":67,"column":6},"end":{"line":67,"column":54}},"32":{"start":{"line":70,"column":4},"end":{"line":70,"column":54}},"33":{"start":{"line":71,"column":4},"end":{"line":71,"column":64}},"34":{"start":{"line":72,"column":4},"end":{"line":72,"column":24}},"35":{"start":{"line":74,"column":4},"end":{"line":74,"column":43}},"36":{"start":{"line":76,"column":22},"end":{"line":76,"column":55}},"37":{"start":{"line":77,"column":4},"end":{"line":77,"column":62}},"38":{"start":{"line":87,"column":0},"end":{"line":95,"column":2}},"39":{"start":{"line":88,"column":2},"end":{"line":94,"column":3}},"40":{"start":{"line":89,"column":15},"end":{"line":89,"column":60}},"41":{"start":{"line":90,"column":4},"end":{"line":90,"column":29}},"42":{"start":{"line":92,"column":22},"end":{"line":92,"column":56}},"43":{"start":{"line":93,"column":4},"end":{"line":93,"column":62}},"44":{"start":{"line":103,"column":0},"end":{"line":124,"column":2}},"45":{"start":{"line":104,"column":2},"end":{"line":123,"column":3}},"46":{"start":{"line":105,"column":15},"end":{"line":105,"column":60}},"47":{"start":{"line":106,"column":22},"end":{"line":108,"column":5}},"48":{"start":{"line":109,"column":18},"end":{"line":109,"column":20}},"49":{"start":{"line":110,"column":22},"end":{"line":110,"column":43}},"50":{"start":{"line":112,"column":4},"end":{"line":117,"column":5}},"51":{"start":{"line":112,"column":17},"end":{"line":112,"column":18}},"52":{"start":{"line":113,"column":19},"end":{"line":113,"column":51}},"53":{"start":{"line":114,"column":6},"end":{"line":116,"column":7}},"54":{"start":{"line":115,"column":8},"end":{"line":115,"column":29}},"55":{"start":{"line":119,"column":4},"end":{"line":119,"column":19}},"56":{"start":{"line":121,"column":22},"end":{"line":121,"column":55}},"57":{"start":{"line":122,"column":4},"end":{"line":122,"column":62}},"58":{"start":{"line":132,"column":0},"end":{"line":186,"column":2}},"59":{"start":{"line":133,"column":2},"end":{"line":185,"column":3}},"60":{"start":{"line":134,"column":25},"end":{"line":139,"column":5}},"61":{"start":{"line":141,"column":15},"end":{"line":141,"column":60}},"62":{"start":{"line":143,"column":31},"end":{"line":145,"column":5}},"63":{"start":{"line":147,"column":34},"end":{"line":147,"column":55}},"64":{"start":{"line":149,"column":35},"end":{"line":154,"column":6}},"65":{"start":{"line":156,"column":40},"end":{"line":161,"column":6}},"66":{"start":{"line":163,"column":20},"end":{"line":163,"column":21}},"67":{"start":{"line":164,"column":24},"end":{"line":164,"column":25}},"68":{"start":{"line":165,"column":4},"end":{"line":170,"column":5}},"69":{"start":{"line":166,"column":6},"end":{"line":169,"column":9}},"70":{"start":{"line":167,"column":8},"end":{"line":167,"column":35}},"71":{"start":{"line":168,"column":8},"end":{"line":168,"column":26}},"72":{"start":{"line":172,"column":24},"end":{"line":172,"column":73}},"73":{"start":{"line":174,"column":4},"end":{"line":179,"column":5}},"74":{"start":{"line":181,"column":4},"end":{"line":181,"column":26}},"75":{"start":{"line":183,"column":22},"end":{"line":183,"column":65}},"76":{"start":{"line":184,"column":4},"end":{"line":184,"column":62}}},"fnMap":{"0":{"name":"(anonymous_0)","decl":{"start":{"line":14,"column":23},"end":{"line":14,"column":24}},"loc":{"start":{"line":14,"column":47},"end":{"line":21,"column":1}},"line":14},"1":{"name":"(anonymous_1)","decl":{"start":{"line":28,"column":20},"end":{"line":28,"column":21}},"loc":{"start":{"line":28,"column":38},"end":{"line":37,"column":1}},"line":28},"2":{"name":"(anonymous_2)","decl":{"start":{"line":44,"column":32},"end":{"line":44,"column":33}},"loc":{"start":{"line":44,"column":48},"end":{"line":53,"column":1}},"line":44},"3":{"name":"(anonymous_3)","decl":{"start":{"line":62,"column":23},"end":{"line":62,"column":24}},"loc":{"start":{"line":62,"column":71},"end":{"line":79,"column":1}},"line":62},"4":{"name":"(anonymous_4)","decl":{"start":{"line":87,"column":34},"end":{"line":87,"column":35}},"loc":{"start":{"line":87,"column":52},"end":{"line":95,"column":1}},"line":87},"5":{"name":"(anonymous_5)","decl":{"start":{"line":103,"column":43},"end":{"line":103,"column":44}},"loc":{"start":{"line":103,"column":61},"end":{"line":124,"column":1}},"line":103},"6":{"name":"(anonymous_6)","decl":{"start":{"line":132,"column":31},"end":{"line":132,"column":32}},"loc":{"start":{"line":132,"column":49},"end":{"line":186,"column":1}},"line":132},"7":{"name":"(anonymous_7)","decl":{"start":{"line":166,"column":35},"end":{"line":166,"column":36}},"loc":{"start":{"line":166,"column":45},"end":{"line":169,"column":7}},"line":166}},"branchMap":{"0":{"loc":{"start":{"line":31,"column":4},"end":{"line":31,"column":63}},"type":"if","locations":[{"start":{"line":31,"column":4},"end":{"line":31,"column":63}},{"start":{},"end":{}}],"line":31},"1":{"loc":{"start":{"line":47,"column":4},"end":{"line":47,"column":63}},"type":"if","locations":[{"start":{"line":47,"column":4},"end":{"line":47,"column":63}},{"start":{},"end":{}}],"line":47},"2":{"loc":{"start":{"line":66,"column":4},"end":{"line":68,"column":5}},"type":"if","locations":[{"start":{"line":66,"column":4},"end":{"line":68,"column":5}},{"start":{},"end":{}}],"line":66},"3":{"loc":{"start":{"line":114,"column":6},"end":{"line":116,"column":7}},"type":"if","locations":[{"start":{"line":114,"column":6},"end":{"line":116,"column":7}},{"start":{},"end":{}}],"line":114},"4":{"loc":{"start":{"line":165,"column":4},"end":{"line":170,"column":5}},"type":"if","locations":[{"start":{"line":165,"column":4},"end":{"line":170,"column":5}},{"start":{},"end":{}}],"line":165},"5":{"loc":{"start":{"line":165,"column":8},"end":{"line":165,"column":64}},"type":"binary-expr","locations":[{"start":{"line":165,"column":8},"end":{"line":165,"column":28}},{"start":{"line":165,"column":32},"end":{"line":165,"column":64}}],"line":165},"6":{"loc":{"start":{"line":172,"column":24},"end":{"line":172,"column":73}},"type":"cond-expr","locations":[{"start":{"line":172,"column":43},"end":{"line":172,"column":44}},{"start":{"line":172,"column":48},"end":{"line":172,"column":72}}],"line":172},"7":{"loc":{"start":{"line":176,"column":22},"end":{"line":176,"column":57}},"type":"binary-expr","locations":[{"start":{"line":176,"column":22},"end":{"line":176,"column":52}},{"start":{"line":176,"column":56},"end":{"line":176,"column":57}}],"line":176},"8":{"loc":{"start":{"line":177,"column":22},"end":{"line":177,"column":58}},"type":"binary-expr","locations":[{"start":{"line":177,"column":22},"end":{"line":177,"column":53}},{"start":{"line":177,"column":57},"end":{"line":177,"column":58}}],"line":177},"9":{"loc":{"start":{"line":178,"column":27},"end":{"line":178,"column":68}},"type":"binary-expr","locations":[{"start":{"line":178,"column":27},"end":{"line":178,"column":63}},{"start":{"line":178,"column":67},"end":{"line":178,"column":68}}],"line":178}},"s":{"0":6,"1":6,"2":6,"3":6,"4":6,"5":6,"6":6,"7":4,"8":4,"9":2,"10":2,"11":6,"12":4,"13":4,"14":4,"15":2,"16":2,"17":2,"18":2,"19":6,"20":4,"21":4,"22":2,"23":0,"24":2,"25":2,"26":2,"27":6,"28":4,"29":4,"30":4,"31":1,"32":2,"33":2,"34":2,"35":2,"36":2,"37":2,"38":6,"39":4,"40":4,"41":2,"42":2,"43":2,"44":6,"45":6,"46":6,"47":4,"48":4,"49":4,"50":4,"51":4,"52":12,"53":12,"54":12,"55":4,"56":2,"57":2,"58":6,"59":4,"60":4,"61":4,"62":2,"63":2,"64":2,"65":2,"66":2,"67":2,"68":2,"69":2,"70":6,"71":6,"72":2,"73":2,"74":2,"75":2,"76":2},"f":{"0":4,"1":4,"2":4,"3":4,"4":4,"5":6,"6":4,"7":6},"b":{"0":[2,2],"1":[0,2],"2":[1,2],"3":[12,0],"4":[2,0],"5":[2,2],"6":[0,2],"7":[2,0],"8":[2,0],"9":[2,0]},"_coverageSchema":"1a1c01bbd47fc00a2c39e90264f33305004495a9","hash":"3e935fab2bf66c0869d5987e1b6403eae0af0ae6"}
,"C:\\Users\\mokay\\Local-Repositories\\mullegro-api\\src\\api\\services\\transaction.service.js": {"path":"C:\\Users\\mokay\\Local-Repositories\\mullegro-api\\src\\api\\services\\transaction.service.js","statementMap":{"0":{"start":{"line":1,"column":11},"end":{"line":1,"column":31}},"1":{"start":{"line":2,"column":13},"end":{"line":2,"column":21}},"2":{"start":{"line":3,"column":20},"end":{"line":3,"column":35}},"3":{"start":{"line":4,"column":22},"end":{"line":4,"column":49}},"4":{"start":{"line":11,"column":0},"end":{"line":41,"column":2}},"5":{"start":{"line":12,"column":2},"end":{"line":40,"column":3}},"6":{"start":{"line":13,"column":19},"end":{"line":13,"column":39}},"7":{"start":{"line":14,"column":16},"end":{"line":14,"column":41}},"8":{"start":{"line":15,"column":4},"end":{"line":15,"column":49}},"9":{"start":{"line":15,"column":27},"end":{"line":15,"column":49}},"10":{"start":{"line":17,"column":22},"end":{"line":20,"column":6}},"11":{"start":{"line":22,"column":4},"end":{"line":28,"column":7}},"12":{"start":{"line":23,"column":6},"end":{"line":23,"column":44}},"13":{"start":{"line":24,"column":6},"end":{"line":24,"column":33}},"14":{"start":{"line":25,"column":6},"end":{"line":25,"column":27}},"15":{"start":{"line":26,"column":6},"end":{"line":26,"column":24}},"16":{"start":{"line":27,"column":6},"end":{"line":27,"column":38}},"17":{"start":{"line":29,"column":4},"end":{"line":29,"column":29}},"18":{"start":{"line":31,"column":4},"end":{"line":34,"column":7}},"19":{"start":{"line":32,"column":6},"end":{"line":32,"column":38}},"20":{"start":{"line":33,"column":6},"end":{"line":33,"column":28}},"21":{"start":{"line":36,"column":4},"end":{"line":36,"column":53}},"22":{"start":{"line":38,"column":4},"end":{"line":38,"column":65}},"23":{"start":{"line":39,"column":4},"end":{"line":39,"column":62}},"24":{"start":{"line":48,"column":0},"end":{"line":55,"column":2}},"25":{"start":{"line":49,"column":2},"end":{"line":54,"column":3}},"26":{"start":{"line":50,"column":4},"end":{"line":50,"column":57}},"27":{"start":{"line":52,"column":4},"end":{"line":52,"column":64}},"28":{"start":{"line":53,"column":4},"end":{"line":53,"column":62}},"29":{"start":{"line":62,"column":0},"end":{"line":74,"column":2}},"30":{"start":{"line":63,"column":2},"end":{"line":73,"column":3}},"31":{"start":{"line":64,"column":22},"end":{"line":66,"column":6}},"32":{"start":{"line":67,"column":4},"end":{"line":68,"column":65}},"33":{"start":{"line":68,"column":6},"end":{"line":68,"column":65}},"34":{"start":{"line":69,"column":4},"end":{"line":69,"column":23}},"35":{"start":{"line":71,"column":4},"end":{"line":71,"column":64}},"36":{"start":{"line":72,"column":4},"end":{"line":72,"column":62}}},"fnMap":{"0":{"name":"(anonymous_0)","decl":{"start":{"line":11,"column":28},"end":{"line":11,"column":29}},"loc":{"start":{"line":11,"column":42},"end":{"line":41,"column":1}},"line":11},"1":{"name":"(anonymous_1)","decl":{"start":{"line":22,"column":18},"end":{"line":22,"column":19}},"loc":{"start":{"line":22,"column":32},"end":{"line":28,"column":5}},"line":22},"2":{"name":"(anonymous_2)","decl":{"start":{"line":31,"column":18},"end":{"line":31,"column":19}},"loc":{"start":{"line":31,"column":32},"end":{"line":34,"column":5}},"line":31},"3":{"name":"(anonymous_3)","decl":{"start":{"line":48,"column":36},"end":{"line":48,"column":37}},"loc":{"start":{"line":48,"column":50},"end":{"line":55,"column":1}},"line":48},"4":{"name":"(anonymous_4)","decl":{"start":{"line":62,"column":25},"end":{"line":62,"column":26}},"loc":{"start":{"line":62,"column":48},"end":{"line":74,"column":1}},"line":62}},"branchMap":{"0":{"loc":{"start":{"line":15,"column":4},"end":{"line":15,"column":49}},"type":"if","locations":[{"start":{"line":15,"column":4},"end":{"line":15,"column":49}},{"start":{},"end":{}}],"line":15},"1":{"loc":{"start":{"line":67,"column":4},"end":{"line":68,"column":65}},"type":"if","locations":[{"start":{"line":67,"column":4},"end":{"line":68,"column":65}},{"start":{},"end":{}}],"line":67}},"s":{"0":6,"1":6,"2":6,"3":6,"4":6,"5":14,"6":14,"7":13,"8":13,"9":1,"10":12,"11":12,"12":16,"13":16,"14":16,"15":16,"16":16,"17":12,"18":12,"19":16,"20":16,"21":12,"22":2,"23":2,"24":6,"25":3,"26":3,"27":1,"28":1,"29":6,"30":15,"31":15,"32":15,"33":1,"34":14,"35":1,"36":1},"f":{"0":14,"1":16,"2":16,"3":3,"4":15},"b":{"0":[1,12],"1":[1,14]},"_coverageSchema":"1a1c01bbd47fc00a2c39e90264f33305004495a9","hash":"1727ad0d5b47562bd7328e84b9ae1d254a19c4df"}
,"C:\\Users\\mokay\\Local-Repositories\\mullegro-api\\src\\api\\services\\user.service.js": {"path":"C:\\Users\\mokay\\Local-Repositories\\mullegro-api\\src\\api\\services\\user.service.js","statementMap":{"0":{"start":{"line":1,"column":22},"end":{"line":1,"column":49}},"1":{"start":{"line":2,"column":11},"end":{"line":2,"column":31}},"2":{"start":{"line":3,"column":15},"end":{"line":3,"column":32}},"3":{"start":{"line":4,"column":13},"end":{"line":4,"column":21}},"4":{"start":{"line":5,"column":18},"end":{"line":5,"column":38}},"5":{"start":{"line":6,"column":11},"end":{"line":6,"column":23}},"6":{"start":{"line":7,"column":20},"end":{"line":7,"column":45}},"7":{"start":{"line":8,"column":18},"end":{"line":8,"column":44}},"8":{"start":{"line":15,"column":29},"end":{"line":18,"column":1}},"9":{"start":{"line":16,"column":13},"end":{"line":16,"column":66}},"10":{"start":{"line":17,"column":2},"end":{"line":17,"column":75}},"11":{"start":{"line":17,"column":12},"end":{"line":17,"column":75}},"12":{"start":{"line":25,"column":26},"end":{"line":28,"column":1}},"13":{"start":{"line":26,"column":13},"end":{"line":26,"column":64}},"14":{"start":{"line":27,"column":2},"end":{"line":27,"column":69}},"15":{"start":{"line":27,"column":12},"end":{"line":27,"column":69}},"16":{"start":{"line":34,"column":24},"end":{"line":37,"column":1}},"17":{"start":{"line":35,"column":2},"end":{"line":35,"column":65}},"18":{"start":{"line":36,"column":2},"end":{"line":36,"column":23}},"19":{"start":{"line":44,"column":0},"end":{"line":60,"column":2}},"20":{"start":{"line":45,"column":2},"end":{"line":59,"column":6}},"21":{"start":{"line":46,"column":22},"end":{"line":46,"column":57}},"22":{"start":{"line":48,"column":24},"end":{"line":48,"column":47}},"23":{"start":{"line":49,"column":6},"end":{"line":49,"column":41}},"24":{"start":{"line":50,"column":6},"end":{"line":50,"column":48}},"25":{"start":{"line":52,"column":6},"end":{"line":52,"column":69}},"26":{"start":{"line":53,"column":6},"end":{"line":53,"column":31}},"27":{"start":{"line":55,"column":6},"end":{"line":55,"column":25}},"28":{"start":{"line":58,"column":6},"end":{"line":58,"column":72}},"29":{"start":{"line":67,"column":0},"end":{"line":76,"column":2}},"30":{"start":{"line":68,"column":2},"end":{"line":75,"column":3}},"31":{"start":{"line":69,"column":22},"end":{"line":69,"column":49}},"32":{"start":{"line":70,"column":4},"end":{"line":70,"column":70}},"33":{"start":{"line":70,"column":22},"end":{"line":70,"column":70}},"34":{"start":{"line":71,"column":4},"end":{"line":71,"column":23}},"35":{"start":{"line":73,"column":22},"end":{"line":73,"column":53}},"36":{"start":{"line":74,"column":4},"end":{"line":74,"column":62}},"37":{"start":{"line":83,"column":0},"end":{"line":92,"column":2}},"38":{"start":{"line":84,"column":2},"end":{"line":91,"column":3}},"39":{"start":{"line":85,"column":22},"end":{"line":85,"column":73}},"40":{"start":{"line":86,"column":4},"end":{"line":86,"column":76}},"41":{"start":{"line":86,"column":22},"end":{"line":86,"column":76}},"42":{"start":{"line":87,"column":4},"end":{"line":87,"column":23}},"43":{"start":{"line":89,"column":22},"end":{"line":89,"column":53}},"44":{"start":{"line":90,"column":4},"end":{"line":90,"column":62}},"45":{"start":{"line":99,"column":0},"end":{"line":108,"column":2}},"46":{"start":{"line":100,"column":2},"end":{"line":107,"column":3}},"47":{"start":{"line":101,"column":22},"end":{"line":101,"column":75}},"48":{"start":{"line":102,"column":4},"end":{"line":102,"column":78}},"49":{"start":{"line":102,"column":22},"end":{"line":102,"column":78}},"50":{"start":{"line":103,"column":4},"end":{"line":103,"column":23}},"51":{"start":{"line":105,"column":22},"end":{"line":105,"column":53}},"52":{"start":{"line":106,"column":4},"end":{"line":106,"column":62}},"53":{"start":{"line":115,"column":0},"end":{"line":124,"column":2}},"54":{"start":{"line":116,"column":2},"end":{"line":123,"column":3}},"55":{"start":{"line":117,"column":4},"end":{"line":119,"column":56}},"56":{"start":{"line":118,"column":6},"end":{"line":118,"column":50}},"57":{"start":{"line":119,"column":9},"end":{"line":119,"column":56}},"58":{"start":{"line":121,"column":22},"end":{"line":121,"column":53}},"59":{"start":{"line":122,"column":4},"end":{"line":122,"column":62}},"60":{"start":{"line":131,"column":0},"end":{"line":141,"column":2}},"61":{"start":{"line":132,"column":2},"end":{"line":140,"column":3}},"62":{"start":{"line":133,"column":19},"end":{"line":133,"column":43}},"63":{"start":{"line":134,"column":15},"end":{"line":134,"column":53}},"64":{"start":{"line":135,"column":4},"end":{"line":135,"column":16}},"65":{"start":{"line":137,"column":20},"end":{"line":137,"column":48}},"66":{"start":{"line":138,"column":4},"end":{"line":138,"column":29}},"67":{"start":{"line":139,"column":4},"end":{"line":139,"column":37}},"68":{"start":{"line":148,"column":0},"end":{"line":162,"column":2}},"69":{"start":{"line":149,"column":2},"end":{"line":161,"column":3}},"70":{"start":{"line":150,"column":40},"end":{"line":150,"column":51}},"71":{"start":{"line":151,"column":15},"end":{"line":151,"column":50}},"72":{"start":{"line":152,"column":28},"end":{"line":152,"column":71}},"73":{"start":{"line":153,"column":4},"end":{"line":157,"column":5}},"74":{"start":{"line":154,"column":6},"end":{"line":154,"column":42}},"75":{"start":{"line":156,"column":6},"end":{"line":156,"column":33}},"76":{"start":{"line":159,"column":22},"end":{"line":159,"column":53}},"77":{"start":{"line":160,"column":4},"end":{"line":160,"column":62}},"78":{"start":{"line":170,"column":0},"end":{"line":184,"column":2}},"79":{"start":{"line":171,"column":2},"end":{"line":183,"column":3}},"80":{"start":{"line":172,"column":4},"end":{"line":172,"column":50}},"81":{"start":{"line":172,"column":22},"end":{"line":172,"column":50}},"82":{"start":{"line":173,"column":4},"end":{"line":179,"column":7}},"83":{"start":{"line":181,"column":22},"end":{"line":181,"column":58}},"84":{"start":{"line":182,"column":4},"end":{"line":182,"column":62}},"85":{"start":{"line":191,"column":0},"end":{"line":200,"column":2}},"86":{"start":{"line":192,"column":2},"end":{"line":199,"column":3}},"87":{"start":{"line":193,"column":15},"end":{"line":193,"column":50}},"88":{"start":{"line":194,"column":4},"end":{"line":194,"column":25}},"89":{"start":{"line":195,"column":4},"end":{"line":195,"column":51}},"90":{"start":{"line":197,"column":22},"end":{"line":197,"column":52}},"91":{"start":{"line":198,"column":4},"end":{"line":198,"column":62}},"92":{"start":{"line":208,"column":0},"end":{"line":224,"column":2}},"93":{"start":{"line":209,"column":2},"end":{"line":223,"column":3}},"94":{"start":{"line":210,"column":4},"end":{"line":214,"column":5}},"95":{"start":{"line":211,"column":6},"end":{"line":211,"column":59}},"96":{"start":{"line":212,"column":11},"end":{"line":214,"column":5}},"97":{"start":{"line":213,"column":6},"end":{"line":213,"column":53}},"98":{"start":{"line":216,"column":4},"end":{"line":216,"column":39}},"99":{"start":{"line":217,"column":4},"end":{"line":217,"column":32}},"100":{"start":{"line":219,"column":4},"end":{"line":219,"column":55}},"101":{"start":{"line":221,"column":22},"end":{"line":221,"column":53}},"102":{"start":{"line":222,"column":4},"end":{"line":222,"column":62}}},"fnMap":{"0":{"name":"(anonymous_0)","decl":{"start":{"line":15,"column":29},"end":{"line":15,"column":30}},"loc":{"start":{"line":15,"column":47},"end":{"line":18,"column":1}},"line":15},"1":{"name":"(anonymous_1)","decl":{"start":{"line":25,"column":26},"end":{"line":25,"column":27}},"loc":{"start":{"line":25,"column":45},"end":{"line":28,"column":1}},"line":25},"2":{"name":"(anonymous_2)","decl":{"start":{"line":34,"column":24},"end":{"line":34,"column":25}},"loc":{"start":{"line":34,"column":41},"end":{"line":37,"column":1}},"line":34},"3":{"name":"(anonymous_3)","decl":{"start":{"line":44,"column":21},"end":{"line":44,"column":22}},"loc":{"start":{"line":44,"column":35},"end":{"line":60,"column":1}},"line":44},"4":{"name":"(anonymous_4)","decl":{"start":{"line":46,"column":10},"end":{"line":46,"column":11}},"loc":{"start":{"line":46,"column":22},"end":{"line":46,"column":57}},"line":46},"5":{"name":"(anonymous_5)","decl":{"start":{"line":47,"column":10},"end":{"line":47,"column":11}},"loc":{"start":{"line":47,"column":22},"end":{"line":56,"column":5}},"line":47},"6":{"name":"(anonymous_6)","decl":{"start":{"line":57,"column":11},"end":{"line":57,"column":12}},"loc":{"start":{"line":58,"column":6},"end":{"line":58,"column":72}},"line":58},"7":{"name":"(anonymous_7)","decl":{"start":{"line":67,"column":22},"end":{"line":67,"column":23}},"loc":{"start":{"line":67,"column":38},"end":{"line":76,"column":1}},"line":67},"8":{"name":"(anonymous_8)","decl":{"start":{"line":83,"column":25},"end":{"line":83,"column":26}},"loc":{"start":{"line":83,"column":44},"end":{"line":92,"column":1}},"line":83},"9":{"name":"(anonymous_9)","decl":{"start":{"line":99,"column":28},"end":{"line":99,"column":29}},"loc":{"start":{"line":99,"column":46},"end":{"line":108,"column":1}},"line":99},"10":{"name":"(anonymous_10)","decl":{"start":{"line":115,"column":18},"end":{"line":115,"column":19}},"loc":{"start":{"line":115,"column":43},"end":{"line":124,"column":1}},"line":115},"11":{"name":"(anonymous_11)","decl":{"start":{"line":131,"column":25},"end":{"line":131,"column":26}},"loc":{"start":{"line":131,"column":38},"end":{"line":141,"column":1}},"line":131},"12":{"name":"(anonymous_12)","decl":{"start":{"line":148,"column":28},"end":{"line":148,"column":29}},"loc":{"start":{"line":148,"column":49},"end":{"line":162,"column":1}},"line":148},"13":{"name":"(anonymous_13)","decl":{"start":{"line":170,"column":18},"end":{"line":170,"column":19}},"loc":{"start":{"line":170,"column":39},"end":{"line":184,"column":1}},"line":170},"14":{"name":"(anonymous_14)","decl":{"start":{"line":191,"column":21},"end":{"line":191,"column":22}},"loc":{"start":{"line":191,"column":46},"end":{"line":200,"column":1}},"line":191},"15":{"name":"(anonymous_15)","decl":{"start":{"line":208,"column":21},"end":{"line":208,"column":22}},"loc":{"start":{"line":208,"column":54},"end":{"line":224,"column":1}},"line":208}},"branchMap":{"0":{"loc":{"start":{"line":17,"column":2},"end":{"line":17,"column":75}},"type":"if","locations":[{"start":{"line":17,"column":2},"end":{"line":17,"column":75}},{"start":{},"end":{}}],"line":17},"1":{"loc":{"start":{"line":27,"column":2},"end":{"line":27,"column":69}},"type":"if","locations":[{"start":{"line":27,"column":2},"end":{"line":27,"column":69}},{"start":{},"end":{}}],"line":27},"2":{"loc":{"start":{"line":70,"column":4},"end":{"line":70,"column":70}},"type":"if","locations":[{"start":{"line":70,"column":4},"end":{"line":70,"column":70}},{"start":{},"end":{}}],"line":70},"3":{"loc":{"start":{"line":86,"column":4},"end":{"line":86,"column":76}},"type":"if","locations":[{"start":{"line":86,"column":4},"end":{"line":86,"column":76}},{"start":{},"end":{}}],"line":86},"4":{"loc":{"start":{"line":102,"column":4},"end":{"line":102,"column":78}},"type":"if","locations":[{"start":{"line":102,"column":4},"end":{"line":102,"column":78}},{"start":{},"end":{}}],"line":102},"5":{"loc":{"start":{"line":117,"column":4},"end":{"line":119,"column":56}},"type":"if","locations":[{"start":{"line":117,"column":4},"end":{"line":119,"column":56}},{"start":{"line":119,"column":9},"end":{"line":119,"column":56}}],"line":117},"6":{"loc":{"start":{"line":153,"column":4},"end":{"line":157,"column":5}},"type":"if","locations":[{"start":{"line":153,"column":4},"end":{"line":157,"column":5}},{"start":{"line":155,"column":11},"end":{"line":157,"column":5}}],"line":153},"7":{"loc":{"start":{"line":172,"column":4},"end":{"line":172,"column":50}},"type":"if","locations":[{"start":{"line":172,"column":4},"end":{"line":172,"column":50}},{"start":{},"end":{}}],"line":172},"8":{"loc":{"start":{"line":210,"column":4},"end":{"line":214,"column":5}},"type":"if","locations":[{"start":{"line":210,"column":4},"end":{"line":214,"column":5}},{"start":{"line":212,"column":11},"end":{"line":214,"column":5}}],"line":210},"9":{"loc":{"start":{"line":212,"column":11},"end":{"line":214,"column":5}},"type":"if","locations":[{"start":{"line":212,"column":11},"end":{"line":214,"column":5}},{"start":{},"end":{}}],"line":212}},"s":{"0":8,"1":8,"2":8,"3":8,"4":8,"5":8,"6":8,"7":8,"8":8,"9":45,"10":44,"11":3,"12":8,"13":40,"14":40,"15":2,"16":8,"17":40,"18":40,"19":8,"20":41,"21":39,"22":38,"23":38,"24":38,"25":38,"26":38,"27":38,"28":3,"29":8,"30":2,"31":2,"32":2,"33":1,"34":1,"35":1,"36":1,"37":8,"38":4,"39":4,"40":4,"41":1,"42":3,"43":1,"44":1,"45":8,"46":54,"47":54,"48":53,"49":11,"50":42,"51":12,"52":12,"53":8,"54":12,"55":12,"56":2,"57":9,"58":1,"59":1,"60":8,"61":23,"62":23,"63":22,"64":22,"65":1,"66":1,"67":1,"68":8,"69":5,"70":5,"71":5,"72":5,"73":5,"74":3,"75":2,"76":2,"77":2,"78":8,"79":5,"80":5,"81":3,"82":2,"83":0,"84":0,"85":8,"86":4,"87":4,"88":2,"89":2,"90":2,"91":2,"92":8,"93":5,"94":5,"95":4,"96":1,"97":1,"98":2,"99":2,"100":2,"101":3,"102":3},"f":{"0":45,"1":40,"2":40,"3":41,"4":39,"5":38,"6":3,"7":2,"8":4,"9":54,"10":12,"11":23,"12":5,"13":5,"14":4,"15":5},"b":{"0":[3,41],"1":[2,38],"2":[1,1],"3":[1,3],"4":[11,42],"5":[2,9],"6":[3,2],"7":[3,2],"8":[4,1],"9":[1,0]},"_coverageSchema":"1a1c01bbd47fc00a2c39e90264f33305004495a9","hash":"e6a7489e7138ccd914da08ec380af977f1b8ccbe"}
,"C:\\Users\\mokay\\Local-Repositories\\mullegro-api\\test\\spec\\helpers\\create-jwt.js": {"path":"C:\\Users\\mokay\\Local-Repositories\\mullegro-api\\test\\spec\\helpers\\create-jwt.js","statementMap":{"0":{"start":{"line":1,"column":12},"end":{"line":1,"column":35}},"1":{"start":{"line":3,"column":0},"end":{"line":6,"column":2}},"2":{"start":{"line":4,"column":14},"end":{"line":4,"column":53}},"3":{"start":{"line":5,"column":2},"end":{"line":5,"column":15}}},"fnMap":{"0":{"name":"(anonymous_0)","decl":{"start":{"line":3,"column":20},"end":{"line":3,"column":21}},"loc":{"start":{"line":3,"column":33},"end":{"line":6,"column":1}},"line":3}},"branchMap":{},"s":{"0":5,"1":5,"2":44,"3":44},"f":{"0":44},"b":{},"_coverageSchema":"1a1c01bbd47fc00a2c39e90264f33305004495a9","hash":"51d0e5b181cf257185674d8f862b77734d3790ab"}
}
