TN:
SF:mock-data-services\index.js
FN:4,(anonymous_0)
FNF:1
FNH:0
FNDA:0,(anonymous_0)
DA:1,5
DA:2,5
DA:4,5
DA:5,0
DA:6,0
LF:5
LH:3
BRF:0
BRH:0
end_of_record
TN:
SF:mock-data-services\mock-post.service.js
FN:5,(anonymous_0)
FN:12,(anonymous_1)
FN:17,(anonymous_2)
FN:21,(anonymous_3)
FN:34,(anonymous_4)
FN:40,(anonymous_5)
FN:44,(anonymous_6)
FNF:7
FNH:0
FNDA:0,(anonymous_0)
FNDA:0,(anonymous_1)
FNDA:0,(anonymous_2)
FNDA:0,(anonymous_3)
FNDA:0,(anonymous_4)
FNDA:0,(anonymous_5)
FNDA:0,(anonymous_6)
DA:1,5
DA:2,5
DA:3,5
DA:5,5
DA:6,0
DA:7,0
DA:8,0
DA:9,0
DA:12,5
DA:13,0
DA:14,0
DA:17,5
DA:18,0
DA:21,5
DA:22,0
DA:30,0
DA:31,0
DA:34,5
DA:35,0
DA:36,0
DA:37,0
DA:40,5
DA:41,0
DA:42,0
DA:44,0
DA:45,0
DA:47,0
DA:48,0
DA:49,0
LF:29
LH:9
BRF:0
BRH:0
end_of_record
TN:
SF:mock-data-services\mock-user.service.js
FN:4,(anonymous_0)
FNF:1
FNH:0
FNDA:0,(anonymous_0)
DA:1,5
DA:2,5
DA:4,5
DA:5,0
DA:6,0
DA:7,0
DA:8,0
DA:10,0
DA:20,0
DA:22,0
LF:10
LH:3
BRF:0
BRH:0
end_of_record
TN:
SF:src\server.js
FN:17,(anonymous_0)
FN:22,(anonymous_1)
FN:23,(anonymous_2)
FN:26,(anonymous_3)
FN:34,(anonymous_4)
FN:42,(anonymous_5)
FNF:6
FNH:1
FNDA:5,(anonymous_0)
FNDA:0,(anonymous_1)
FNDA:0,(anonymous_2)
FNDA:0,(anonymous_3)
FNDA:0,(anonymous_4)
FNDA:0,(anonymous_5)
DA:1,5
DA:2,5
DA:3,5
DA:4,5
DA:5,5
DA:7,5
DA:8,5
DA:11,5
DA:12,5
DA:15,5
DA:18,5
DA:19,5
DA:20,0
DA:22,0
DA:23,0
DA:27,0
DA:31,5
DA:32,5
DA:33,5
DA:34,5
DA:35,0
DA:39,5
DA:40,0
DA:42,0
DA:43,0
DA:47,5
LF:26
LH:18
BRDA:19,0,0,0
BRDA:19,0,1,5
BRDA:39,1,0,0
BRDA:39,1,1,5
BRF:4
BRH:2
end_of_record
TN:
SF:src\api\controllers\cart.controller.js
FN:23,(anonymous_0)
FN:53,(anonymous_1)
FN:78,(anonymous_2)
FN:103,(anonymous_3)
FNF:4
FNH:4
FNDA:1,(anonymous_0)
FNDA:2,(anonymous_1)
FNDA:1,(anonymous_2)
FNDA:2,(anonymous_3)
DA:1,5
DA:2,5
DA:3,5
DA:4,5
DA:5,5
DA:23,5
DA:24,1
DA:25,1
DA:28,1
DA:30,0
DA:53,5
DA:54,2
DA:55,2
DA:56,2
DA:60,1
DA:62,1
DA:78,5
DA:79,1
DA:80,1
DA:83,1
DA:85,0
DA:103,5
DA:104,2
DA:105,2
DA:107,2
DA:111,1
DA:113,1
DA:117,5
LF:28
LH:26
BRF:0
BRH:0
end_of_record
TN:
SF:src\api\controllers\index.js
FNF:0
FNH:0
DA:1,5
DA:2,5
DA:5,5
DA:6,5
DA:9,5
DA:10,5
DA:11,5
DA:12,5
DA:13,5
DA:15,5
LF:10
LH:10
BRF:0
BRH:0
end_of_record
TN:
SF:src\api\controllers\post.controller.js
FN:23,(anonymous_0)
FN:59,(anonymous_1)
FN:88,(anonymous_2)
FN:117,(anonymous_3)
FN:145,(anonymous_4)
FN:173,(anonymous_5)
FN:198,(anonymous_6)
FN:225,(anonymous_7)
FN:253,(anonymous_8)
FN:282,(anonymous_9)
FN:309,(anonymous_10)
FNF:11
FNH:11
FNDA:1,(anonymous_0)
FNDA:2,(anonymous_1)
FNDA:2,(anonymous_2)
FNDA:1,(anonymous_3)
FNDA:2,(anonymous_4)
FNDA:1,(anonymous_5)
FNDA:1,(anonymous_6)
FNDA:1,(anonymous_7)
FNDA:2,(anonymous_8)
FNDA:2,(anonymous_9)
FNDA:2,(anonymous_10)
DA:1,5
DA:2,5
DA:3,5
DA:4,5
DA:5,5
DA:23,5
DA:24,1
DA:25,1
DA:26,1
DA:30,1
DA:32,0
DA:59,5
DA:60,2
DA:61,2
DA:65,1
DA:67,1
DA:85,5
DA:89,2
DA:90,2
DA:94,1
DA:96,1
DA:117,5
DA:118,1
DA:119,1
DA:120,1
DA:122,0
DA:145,5
DA:146,2
DA:147,2
DA:148,2
DA:150,2
DA:151,2
DA:153,0
DA:173,5
DA:174,1
DA:175,1
DA:176,1
DA:178,0
DA:198,5
DA:199,1
DA:200,1
DA:201,1
DA:203,0
DA:225,5
DA:226,1
DA:227,1
DA:228,1
DA:229,1
DA:231,0
DA:253,5
DA:254,2
DA:255,2
DA:256,1
DA:257,1
DA:258,1
DA:260,1
DA:282,5
DA:283,2
DA:284,2
DA:285,1
DA:287,1
DA:309,5
DA:310,2
DA:311,2
DA:312,1
DA:314,1
DA:318,5
LF:67
LH:61
BRDA:147,0,0,2
BRDA:147,0,1,1
BRDA:148,1,0,2
BRDA:148,1,1,1
BRF:4
BRH:4
end_of_record
TN:
SF:src\api\controllers\review.controller.js
FN:30,(anonymous_0)
FN:59,(anonymous_1)
FN:87,(anonymous_2)
FN:115,(anonymous_3)
FN:149,(anonymous_4)
FN:179,(anonymous_5)
FN:207,(anonymous_6)
FNF:7
FNH:7
FNDA:2,(anonymous_0)
FNDA:2,(anonymous_1)
FNDA:2,(anonymous_2)
FNDA:2,(anonymous_3)
FNDA:2,(anonymous_4)
FNDA:2,(anonymous_5)
FNDA:2,(anonymous_6)
DA:1,5
DA:2,5
DA:3,5
DA:4,5
DA:5,5
DA:30,5
DA:31,2
DA:32,2
DA:33,2
DA:34,2
DA:35,1
DA:37,1
DA:59,5
DA:60,2
DA:61,2
DA:62,2
DA:63,1
DA:65,1
DA:87,5
DA:88,2
DA:89,2
DA:90,2
DA:91,1
DA:93,1
DA:115,5
DA:116,2
DA:117,2
DA:118,2
DA:119,2
DA:120,2
DA:125,1
DA:127,1
DA:149,5
DA:150,2
DA:151,2
DA:152,2
DA:155,1
DA:157,1
DA:179,5
DA:180,2
DA:181,2
DA:182,2
DA:183,1
DA:185,1
DA:207,5
DA:208,2
DA:209,2
DA:210,2
DA:211,1
DA:213,1
DA:217,5
LF:51
LH:51
BRF:0
BRH:0
end_of_record
TN:
SF:src\api\controllers\transaction.controller.js
FN:23,(anonymous_0)
FN:50,(anonymous_1)
FN:82,(anonymous_2)
FNF:3
FNH:3
FNDA:2,(anonymous_0)
FNDA:1,(anonymous_1)
FNDA:1,(anonymous_2)
DA:1,5
DA:2,5
DA:3,5
DA:4,5
DA:5,5
DA:23,5
DA:24,2
DA:25,2
DA:28,1
DA:30,1
DA:50,5
DA:51,1
DA:52,1
DA:55,1
DA:57,0
DA:79,5
DA:83,1
DA:84,1
DA:85,1
DA:86,1
DA:88,0
DA:93,5
LF:22
LH:20
BRF:0
BRH:0
end_of_record
TN:
SF:src\api\controllers\user.controller.js
FN:26,(anonymous_0)
FN:58,(anonymous_1)
FN:89,(anonymous_2)
FN:123,(anonymous_3)
FN:154,(anonymous_4)
FN:181,(anonymous_5)
FN:208,(anonymous_6)
FN:231,(anonymous_7)
FN:260,(anonymous_8)
FNF:9
FNH:8
FNDA:2,(anonymous_0)
FNDA:3,(anonymous_1)
FNDA:1,(anonymous_2)
FNDA:2,(anonymous_3)
FNDA:1,(anonymous_4)
FNDA:0,(anonymous_5)
FNDA:2,(anonymous_6)
FNDA:2,(anonymous_7)
FNDA:1,(anonymous_8)
DA:1,5
DA:2,5
DA:3,5
DA:4,5
DA:5,5
DA:26,5
DA:27,2
DA:28,2
DA:29,1
DA:30,1
DA:35,1
DA:58,5
DA:59,3
DA:60,3
DA:61,2
DA:62,2
DA:67,1
DA:89,5
DA:90,1
DA:91,1
DA:92,1
DA:94,0
DA:123,5
DA:124,2
DA:125,2
DA:126,2
DA:127,2
DA:132,1
DA:134,1
DA:154,5
DA:155,1
DA:156,1
DA:157,1
DA:159,0
DA:181,5
DA:182,0
DA:183,0
DA:184,0
DA:186,0
DA:208,5
DA:209,2
DA:210,2
DA:211,1
DA:213,1
DA:231,5
DA:232,2
DA:233,2
DA:234,1
DA:238,1
DA:260,5
DA:261,1
DA:262,1
DA:263,1
DA:264,1
DA:266,0
DA:271,5
LF:56
LH:49
BRF:0
BRH:0
end_of_record
TN:
SF:src\api\middlewares\auth.js
FN:3,(anonymous_0)
FN:7,(anonymous_1)
FNF:2
FNH:2
FNDA:36,(anonymous_0)
FNDA:22,(anonymous_1)
DA:1,5
DA:3,5
DA:4,36
DA:5,14
DA:7,22
DA:8,22
DA:9,22
DA:10,22
DA:11,22
DA:13,0
LF:10
LH:9
BRDA:4,0,0,14
BRDA:4,0,1,22
BRDA:8,1,0,22
BRDA:8,1,1,0
BRF:4
BRH:3
end_of_record
TN:
SF:src\api\middlewares\logger.js
FN:7,(anonymous_0)
FN:19,(anonymous_1)
FN:42,(anonymous_2)
FNF:3
FNH:3
FNDA:69,(anonymous_0)
FNDA:69,(anonymous_1)
FNDA:69,(anonymous_2)
DA:7,5
DA:8,69
DA:10,69
DA:11,69
DA:19,69
DA:42,5
DA:43,69
DA:45,34
DA:46,34
DA:49,17
DA:50,17
DA:53,8
DA:54,8
DA:57,10
DA:58,10
DA:61,0
LF:16
LH:15
BRDA:43,0,0,34
BRDA:43,0,1,17
BRDA:43,0,2,8
BRDA:43,0,3,10
BRDA:43,0,4,0
BRF:5
BRH:4
end_of_record
TN:
SF:src\api\middlewares\swaggerSetup.js
FNF:0
FNH:0
DA:1,5
DA:4,5
DA:33,5
DA:69,5
DA:83,5
DA:119,5
DA:135,5
DA:155,5
DA:179,5
DA:191,5
DA:204,5
DA:273,5
DA:280,5
DA:287,5
DA:334,5
DA:343,5
DA:350,5
DA:361,5
DA:374,5
LF:19
LH:19
BRF:0
BRH:0
end_of_record
TN:
SF:src\api\models\cart.js
FN:1,(anonymous_0)
FNF:1
FNH:1
FNDA:10,(anonymous_0)
DA:1,10
DA:2,10
DA:16,10
LF:3
LH:3
BRF:0
BRH:0
end_of_record
TN:
SF:src\api\models\index.js
FN:13,(anonymous_0)
FN:16,(anonymous_1)
FNF:2
FNH:1
FNDA:10,(anonymous_0)
FNDA:0,(anonymous_1)
DA:1,10
DA:4,10
DA:11,10
DA:14,10
DA:17,0
DA:21,10
DA:22,10
DA:23,10
DA:26,10
DA:27,10
DA:28,10
DA:29,10
DA:30,10
DA:33,10
DA:34,10
DA:36,10
DA:37,10
DA:39,10
DA:40,10
DA:42,10
DA:43,10
DA:45,10
DA:46,10
DA:48,10
DA:49,10
DA:51,10
DA:52,10
DA:55,10
LF:28
LH:27
BRF:0
BRH:0
end_of_record
TN:
SF:src\api\models\post.js
FN:1,(anonymous_0)
FNF:1
FNH:1
FNDA:10,(anonymous_0)
DA:1,10
DA:2,10
DA:38,10
LF:3
LH:3
BRF:0
BRH:0
end_of_record
TN:
SF:src\api\models\review.js
FN:1,(anonymous_0)
FNF:1
FNH:1
FNDA:10,(anonymous_0)
DA:1,10
DA:2,10
DA:18,10
LF:3
LH:3
BRF:0
BRH:0
end_of_record
TN:
SF:src\api\models\transaction.js
FN:1,(anonymous_0)
FNF:1
FNH:1
FNDA:10,(anonymous_0)
DA:1,10
DA:2,10
DA:16,10
LF:3
LH:3
BRF:0
BRH:0
end_of_record
TN:
SF:src\api\models\user.js
FN:6,(anonymous_0)
FNF:1
FNH:1
FNDA:10,(anonymous_0)
DA:6,10
DA:7,10
DA:44,10
LF:3
LH:3
BRF:0
BRH:0
end_of_record
TN:
SF:src\api\services\cart.service.js
FN:9,(anonymous_0)
FN:18,(anonymous_1)
FN:28,(anonymous_2)
FN:48,(anonymous_3)
FN:71,(anonymous_4)
FN:95,(anonymous_5)
FN:105,(anonymous_6)
FN:122,(anonymous_7)
FN:128,(anonymous_8)
FNF:9
FNH:9
FNDA:44,(anonymous_0)
FNDA:37,(anonymous_1)
FNDA:51,(anonymous_2)
FNDA:33,(anonymous_3)
FNDA:4,(anonymous_4)
FNDA:4,(anonymous_5)
FNDA:5,(anonymous_6)
FNDA:3,(anonymous_7)
FNDA:5,(anonymous_8)
DA:1,9
DA:2,9
DA:3,9
DA:9,9
DA:10,44
DA:11,42
DA:18,9
DA:19,37
DA:20,37
DA:28,9
DA:29,51
DA:30,51
DA:35,50
DA:37,1
DA:38,1
DA:48,9
DA:49,33
DA:50,33
DA:51,33
DA:53,31
DA:54,31
DA:56,31
DA:60,2
DA:61,2
DA:71,9
DA:72,4
DA:73,4
DA:74,4
DA:76,2
DA:78,2
DA:79,2
DA:81,2
DA:85,2
DA:86,2
DA:95,9
DA:96,4
DA:97,4
DA:98,3
DA:102,3
DA:103,3
DA:105,3
DA:106,5
DA:109,3
DA:110,3
DA:112,1
DA:113,1
DA:122,9
DA:123,3
DA:124,3
DA:125,2
DA:127,2
DA:128,5
DA:130,2
DA:131,2
DA:133,1
DA:134,1
LF:56
LH:56
BRDA:11,0,0,0
BRDA:11,0,1,42
BRDA:20,1,0,4
BRDA:20,1,1,33
BRF:4
BRH:3
end_of_record
TN:
SF:src\api\services\helper.service.js
FN:6,(anonymous_0)
FNF:1
FNH:1
FNDA:62,(anonymous_0)
DA:6,10
DA:7,62
DA:8,62
LF:3
LH:3
BRF:0
BRH:0
end_of_record
TN:
SF:src\api\services\post.service.js
FN:15,(anonymous_0)
FN:32,(anonymous_1)
FN:48,(anonymous_2)
FN:68,(anonymous_3)
FN:88,(anonymous_4)
FN:111,(anonymous_5)
FN:127,(anonymous_6)
FN:145,(anonymous_7)
FN:157,(anonymous_8)
FN:175,(anonymous_9)
FN:193,(anonymous_10)
FNF:11
FNH:11
FNDA:5,(anonymous_0)
FNDA:4,(anonymous_1)
FNDA:4,(anonymous_2)
FNDA:5,(anonymous_3)
FNDA:4,(anonymous_4)
FNDA:8,(anonymous_5)
FNDA:4,(anonymous_6)
FNDA:2,(anonymous_7)
FNDA:4,(anonymous_8)
FNDA:2,(anonymous_9)
FNDA:4,(anonymous_10)
DA:1,7
DA:2,7
DA:3,7
DA:4,7
DA:5,7
DA:6,7
DA:15,7
DA:16,5
DA:17,5
DA:21,1
DA:22,1
DA:32,7
DA:33,4
DA:34,4
DA:35,4
DA:37,2
DA:38,2
DA:48,7
DA:49,4
DA:50,4
DA:54,4
DA:55,2
DA:57,2
DA:58,2
DA:68,7
DA:69,5
DA:70,5
DA:73,4
DA:74,2
DA:75,2
DA:77,3
DA:78,3
DA:88,7
DA:89,4
DA:90,4
DA:91,2
DA:92,2
DA:101,0
DA:102,0
DA:111,7
DA:112,8
DA:113,8
DA:114,8
DA:115,4
DA:117,4
DA:118,4
DA:127,7
DA:128,4
DA:129,4
DA:136,0
DA:137,0
DA:145,7
DA:146,2
DA:147,2
DA:148,2
DA:149,2
DA:157,7
DA:158,4
DA:159,4
DA:166,0
DA:167,0
DA:175,7
DA:176,2
DA:184,2
DA:193,7
DA:194,4
DA:195,4
DA:197,4
DA:199,4
DA:200,4
DA:202,4
DA:203,4
DA:205,0
DA:206,0
LF:74
LH:66
BRDA:17,0,0,2
BRDA:17,0,1,3
BRDA:54,1,0,2
BRDA:54,1,1,2
BRDA:73,2,0,2
BRDA:73,2,1,2
BRDA:90,3,0,2
BRDA:90,3,1,2
BRDA:114,4,0,4
BRDA:114,4,1,4
BRF:10
BRH:10
end_of_record
TN:
SF:src\api\services\review.service.js
FN:14,(anonymous_0)
FN:28,(anonymous_1)
FN:44,(anonymous_2)
FN:62,(anonymous_3)
FN:87,(anonymous_4)
FN:103,(anonymous_5)
FN:132,(anonymous_6)
FN:166,(anonymous_7)
FNF:8
FNH:8
FNDA:4,(anonymous_0)
FNDA:4,(anonymous_1)
FNDA:4,(anonymous_2)
FNDA:4,(anonymous_3)
FNDA:4,(anonymous_4)
FNDA:6,(anonymous_5)
FNDA:4,(anonymous_6)
FNDA:6,(anonymous_7)
DA:1,6
DA:2,6
DA:3,6
DA:4,6
DA:5,6
DA:6,6
DA:14,6
DA:15,4
DA:16,4
DA:18,2
DA:19,2
DA:28,6
DA:29,4
DA:30,4
DA:31,4
DA:32,2
DA:34,2
DA:35,2
DA:44,6
DA:45,4
DA:46,4
DA:47,2
DA:48,2
DA:50,2
DA:51,2
DA:62,6
DA:63,4
DA:64,4
DA:66,4
DA:67,1
DA:70,2
DA:71,2
DA:72,2
DA:74,2
DA:76,2
DA:77,2
DA:87,6
DA:88,4
DA:89,4
DA:90,2
DA:92,2
DA:93,2
DA:103,6
DA:104,6
DA:105,6
DA:106,4
DA:109,4
DA:110,4
DA:112,4
DA:113,12
DA:114,12
DA:115,12
DA:119,4
DA:121,2
DA:122,2
DA:132,6
DA:133,4
DA:134,4
DA:141,4
DA:143,2
DA:147,2
DA:149,2
DA:156,2
DA:163,2
DA:164,2
DA:165,2
DA:166,2
DA:167,6
DA:168,6
DA:172,2
DA:174,2
DA:181,2
DA:183,2
DA:184,2
LF:74
LH:74
BRDA:31,0,0,2
BRDA:31,0,1,2
BRDA:47,1,0,0
BRDA:47,1,1,2
BRDA:66,2,0,1
BRDA:66,2,1,2
BRDA:114,3,0,12
BRDA:114,3,1,0
BRDA:165,4,0,2
BRDA:165,4,1,0
BRDA:165,5,0,2
BRDA:165,5,1,2
BRDA:172,6,0,0
BRDA:172,6,1,2
BRDA:176,7,0,2
BRDA:176,7,1,0
BRDA:177,8,0,2
BRDA:177,8,1,0
BRDA:178,9,0,2
BRDA:178,9,1,0
BRF:20
BRH:13
end_of_record
TN:
SF:src\api\services\transaction.service.js
FN:11,(anonymous_0)
FN:22,(anonymous_1)
FN:31,(anonymous_2)
FN:48,(anonymous_3)
FN:62,(anonymous_4)
FNF:5
FNH:5
FNDA:14,(anonymous_0)
FNDA:16,(anonymous_1)
FNDA:16,(anonymous_2)
FNDA:3,(anonymous_3)
FNDA:15,(anonymous_4)
DA:1,6
DA:2,6
DA:3,6
DA:4,6
DA:11,6
DA:12,14
DA:13,14
DA:14,13
DA:15,13
DA:17,12
DA:22,12
DA:23,16
DA:24,16
DA:25,16
DA:26,16
DA:27,16
DA:29,12
DA:31,12
DA:32,16
DA:33,16
DA:36,12
DA:38,2
DA:39,2
DA:48,6
DA:49,3
DA:50,3
DA:52,1
DA:53,1
DA:62,6
DA:63,15
DA:64,15
DA:67,15
DA:68,1
DA:69,14
DA:71,1
DA:72,1
LF:36
LH:36
BRDA:15,0,0,1
BRDA:15,0,1,12
BRDA:67,1,0,1
BRDA:67,1,1,14
BRF:4
BRH:4
end_of_record
TN:
SF:src\api\services\user.service.js
FN:15,(anonymous_0)
FN:25,(anonymous_1)
FN:34,(anonymous_2)
FN:44,(anonymous_3)
FN:46,(anonymous_4)
FN:47,(anonymous_5)
FN:57,(anonymous_6)
FN:67,(anonymous_7)
FN:83,(anonymous_8)
FN:99,(anonymous_9)
FN:115,(anonymous_10)
FN:131,(anonymous_11)
FN:148,(anonymous_12)
FN:170,(anonymous_13)
FN:191,(anonymous_14)
FN:208,(anonymous_15)
FNF:16
FNH:16
FNDA:45,(anonymous_0)
FNDA:40,(anonymous_1)
FNDA:40,(anonymous_2)
FNDA:41,(anonymous_3)
FNDA:39,(anonymous_4)
FNDA:38,(anonymous_5)
FNDA:3,(anonymous_6)
FNDA:2,(anonymous_7)
FNDA:4,(anonymous_8)
FNDA:54,(anonymous_9)
FNDA:12,(anonymous_10)
FNDA:23,(anonymous_11)
FNDA:5,(anonymous_12)
FNDA:5,(anonymous_13)
FNDA:4,(anonymous_14)
FNDA:5,(anonymous_15)
DA:1,8
DA:2,8
DA:3,8
DA:4,8
DA:5,8
DA:6,8
DA:7,8
DA:8,8
DA:15,8
DA:16,45
DA:17,44
DA:25,8
DA:26,40
DA:27,40
DA:34,8
DA:35,40
DA:36,40
DA:44,8
DA:45,41
DA:46,39
DA:48,38
DA:49,38
DA:50,38
DA:52,38
DA:53,38
DA:55,38
DA:58,3
DA:67,8
DA:68,2
DA:69,2
DA:70,2
DA:71,1
DA:73,1
DA:74,1
DA:83,8
DA:84,4
DA:85,4
DA:86,4
DA:87,3
DA:89,1
DA:90,1
DA:99,8
DA:100,54
DA:101,54
DA:102,53
DA:103,42
DA:105,12
DA:106,12
DA:115,8
DA:116,12
DA:117,12
DA:118,2
DA:119,9
DA:121,1
DA:122,1
DA:131,8
DA:132,23
DA:133,23
DA:134,22
DA:135,22
DA:137,1
DA:138,1
DA:139,1
DA:148,8
DA:149,5
DA:150,5
DA:151,5
DA:152,5
DA:153,5
DA:154,3
DA:156,2
DA:159,2
DA:160,2
DA:170,8
DA:171,5
DA:172,5
DA:173,2
DA:181,0
DA:182,0
DA:191,8
DA:192,4
DA:193,4
DA:194,2
DA:195,2
DA:197,2
DA:198,2
DA:208,8
DA:209,5
DA:210,5
DA:211,4
DA:212,1
DA:213,1
DA:216,2
DA:217,2
DA:219,2
DA:221,3
DA:222,3
LF:97
LH:95
BRDA:17,0,0,3
BRDA:17,0,1,41
BRDA:27,1,0,2
BRDA:27,1,1,38
BRDA:70,2,0,1
BRDA:70,2,1,1
BRDA:86,3,0,1
BRDA:86,3,1,3
BRDA:102,4,0,11
BRDA:102,4,1,42
BRDA:117,5,0,2
BRDA:117,5,1,9
BRDA:153,6,0,3
BRDA:153,6,1,2
BRDA:172,7,0,3
BRDA:172,7,1,2
BRDA:210,8,0,4
BRDA:210,8,1,1
BRDA:212,9,0,1
BRDA:212,9,1,0
BRF:20
BRH:19
end_of_record
TN:
SF:test\spec\helpers\create-jwt.js
FN:3,(anonymous_0)
FNF:1
FNH:1
FNDA:44,(anonymous_0)
DA:1,5
DA:3,5
DA:4,44
DA:5,44
LF:4
LH:4
BRF:0
BRH:0
end_of_record
